{"D:\\AFitness\\Fitness\\frontend\\src\\components\\CalorieCalculator.vue": {"path":"D:\\AFitness\\Fitness\\frontend\\src\\components\\CalorieCalculator.vue","statementMap":{"0":{"start":{"line":135,"column":15},"end":{"line":137,"column":null}},"1":{"start":{"line":79,"column":12},"end":{"line":83,"column":null}},"2":{"start":{"line":85,"column":18},"end":{"line":85,"column":null}},"3":{"start":{"line":86,"column":14},"end":{"line":86,"column":null}},"4":{"start":{"line":88,"column":25},"end":{"line":93,"column":null}},"5":{"start":{"line":95,"column":25},"end":{"line":95,"column":null}},"6":{"start":{"line":95,"column":34},"end":{"line":95,"column":null}},"7":{"start":{"line":97,"column":22},"end":{"line":104,"column":null}},"8":{"start":{"line":98,"column":34},"end":{"line":98,"column":null}},"9":{"start":{"line":99,"column":2},"end":{"line":102,"column":null}},"10":{"start":{"line":101,"column":4},"end":{"line":101,"column":null}},"11":{"start":{"line":103,"column":2},"end":{"line":103,"column":null}},"12":{"start":{"line":106,"column":24},"end":{"line":111,"column":null}},"13":{"start":{"line":107,"column":17},"end":{"line":107,"column":null}},"14":{"start":{"line":108,"column":2},"end":{"line":108,"column":null}},"15":{"start":{"line":109,"column":2},"end":{"line":109,"column":null}},"16":{"start":{"line":110,"column":2},"end":{"line":110,"column":null}},"17":{"start":{"line":113,"column":19},"end":{"line":131,"column":null}},"18":{"start":{"line":114,"column":34},"end":{"line":114,"column":null}},"19":{"start":{"line":115,"column":2},"end":{"line":115,"column":null}},"20":{"start":{"line":115,"column":17},"end":{"line":115,"column":null}},"21":{"start":{"line":117,"column":2},"end":{"line":117,"column":null}},"22":{"start":{"line":118,"column":2},"end":{"line":130,"column":null}},"23":{"start":{"line":119,"column":16},"end":{"line":119,"column":null}},"24":{"start":{"line":120,"column":4},"end":{"line":124,"column":null}},"25":{"start":{"line":121,"column":5},"end":{"line":121,"column":null}},"26":{"start":{"line":123,"column":5},"end":{"line":123,"column":null}},"27":{"start":{"line":126,"column":4},"end":{"line":126,"column":null}},"28":{"start":{"line":127,"column":3},"end":{"line":127,"column":null}},"29":{"start":{"line":129,"column":4},"end":{"line":129,"column":null}},"30":{"start":{"line":2,"column":7},"end":{"line":2,"column":null}},"31":{"start":{"line":42,"column":18},"end":{"line":42,"column":43}},"32":{"start":{"line":48,"column":11},"end":{"line":48,"column":null}},"33":{"start":{"line":49,"column":11},"end":{"line":49,"column":29}},"34":{"start":{"line":50,"column":11},"end":{"line":50,"column":31}},"35":{"start":{"line":58,"column":11},"end":{"line":58,"column":null}},"36":{"start":{"line":2,"column":2},"end":{"line":68,"column":21}},"37":{"start":{"line":27,"column":23},"end":{"line":25,"column":null}},"38":{"start":{"line":17,"column":10},"end":{"line":25,"column":null}},"39":{"start":{"line":11,"column":26},"end":{"line":11,"column":40}},"40":{"start":{"line":20,"column":19},"end":{"line":20,"column":null}},"41":{"start":{"line":25,"column":18},"end":{"line":25,"column":null}},"42":{"start":{"line":30,"column":29},"end":{"line":30,"column":41}},"43":{"start":{"line":35,"column":8},"end":{"line":34,"column":null}},"44":{"start":{"line":34,"column":17},"end":{"line":34,"column":null}},"45":{"start":{"line":44,"column":19},"end":{"line":45,"column":57}},"46":{"start":{"line":42,"column":72},"end":{"line":42,"column":72}},"47":{"start":{"line":68,"column":8},"end":{"line":68,"column":21}}},"fnMap":{"0":{"name":"(anonymous_0)","decl":{"start":{"line":95,"column":25},"end":{"line":95,"column":26}},"loc":{"start":{"line":95,"column":34},"end":{"line":95,"column":null}},"line":95},"1":{"name":"(anonymous_1)","decl":{"start":{"line":97,"column":32},"end":{"line":97,"column":33}},"loc":{"start":{"line":97,"column":38},"end":{"line":104,"column":1}},"line":97},"2":{"name":"(anonymous_2)","decl":{"start":{"line":106,"column":24},"end":{"line":106,"column":25}},"loc":{"start":{"line":106,"column":49},"end":{"line":111,"column":null}},"line":106},"3":{"name":"(anonymous_3)","decl":{"start":{"line":113,"column":19},"end":{"line":113,"column":24}},"loc":{"start":{"line":113,"column":31},"end":{"line":131,"column":null}},"line":113},"4":{"name":"(anonymous_4)","decl":{"start":{"line":8,"column":35},"end":{"line":8,"column":36}},"loc":{"start":{"line":8,"column":35},"end":{"line":8,"column":36}},"line":8},"5":{"name":"(anonymous_5)","decl":{"start":{"line":9,"column":6},"end":{"line":9,"column":22}},"loc":{"start":{"line":27,"column":23},"end":{"line":25,"column":null}},"line":27},"6":{"name":"(anonymous_6)","decl":{"start":{"line":10,"column":8},"end":{"line":10,"column":null}},"loc":{"start":{"line":17,"column":10},"end":{"line":25,"column":null}},"line":17},"7":{"name":"(anonymous_7)","decl":{"start":{"line":11,"column":26},"end":{"line":11,"column":30}},"loc":{"start":{"line":11,"column":26},"end":{"line":11,"column":40}},"line":11},"8":{"name":"(anonymous_8)","decl":{"start":{"line":20,"column":19},"end":{"line":20,"column":23}},"loc":{"start":{"line":20,"column":19},"end":{"line":20,"column":null}},"line":20},"9":{"name":"(anonymous_9)","decl":{"start":{"line":25,"column":16},"end":{"line":25,"column":18}},"loc":{"start":{"line":25,"column":18},"end":{"line":25,"column":null}},"line":25},"10":{"name":"(anonymous_10)","decl":{"start":{"line":30,"column":29},"end":{"line":30,"column":39}},"loc":{"start":{"line":30,"column":29},"end":{"line":30,"column":41}},"line":30},"11":{"name":"(anonymous_11)","decl":{"start":{"line":31,"column":6},"end":{"line":31,"column":null}},"loc":{"start":{"line":35,"column":8},"end":{"line":34,"column":null}},"line":35},"12":{"name":"(anonymous_12)","decl":{"start":{"line":34,"column":15},"end":{"line":34,"column":17}},"loc":{"start":{"line":34,"column":17},"end":{"line":34,"column":null}},"line":34},"13":{"name":"(anonymous_13)","decl":{"start":{"line":40,"column":8},"end":{"line":40,"column":18}},"loc":{"start":{"line":44,"column":19},"end":{"line":45,"column":57}},"line":44},"14":{"name":"(anonymous_14)","decl":{"start":{"line":42,"column":12},"end":{"line":42,"column":18}},"loc":{"start":{"line":42,"column":72},"end":{"line":42,"column":72}},"line":42},"15":{"name":"(anonymous_15)","decl":{"start":{"line":66,"column":9},"end":{"line":66,"column":null}},"loc":{"start":{"line":68,"column":8},"end":{"line":68,"column":21}},"line":68}},"branchMap":{"0":{"loc":{"start":{"line":99,"column":2},"end":{"line":102,"column":null}},"type":"if","locations":[{"start":{"line":99,"column":2},"end":{"line":102,"column":null}},{"start":{},"end":{}}],"line":99},"1":{"loc":{"start":{"line":115,"column":2},"end":{"line":115,"column":null}},"type":"if","locations":[{"start":{"line":115,"column":2},"end":{"line":115,"column":null}},{"start":{},"end":{}}],"line":115},"2":{"loc":{"start":{"line":120,"column":4},"end":{"line":124,"column":null}},"type":"if","locations":[{"start":{"line":120,"column":4},"end":{"line":124,"column":null}},{"start":{"line":122,"column":11},"end":{"line":124,"column":null}}],"line":120},"3":{"loc":{"start":{"line":123,"column":20},"end":{"line":123,"column":41}},"type":"binary-expr","locations":[{"start":{"line":123,"column":20},"end":{"line":123,"column":31}},{"start":{"line":123,"column":35},"end":{"line":123,"column":41}}],"line":123},"4":{"loc":{"start":{"line":8,"column":42},"end":{"line":8,"column":null}},"type":"binary-expr","locations":[{"start":{"line":8,"column":42},"end":{"line":8,"column":50}},{"start":{"line":8,"column":42},"end":{"line":8,"column":null}}],"line":8},"5":{"loc":{"start":{"line":11,"column":26},"end":{"line":11,"column":40}},"type":"binary-expr","locations":[{"start":{"line":11,"column":26},"end":{"line":11,"column":30}},{"start":{"line":11,"column":26},"end":{"line":11,"column":40}}],"line":11},"6":{"loc":{"start":{"line":20,"column":19},"end":{"line":20,"column":null}},"type":"binary-expr","locations":[{"start":{"line":20,"column":19},"end":{"line":20,"column":23}},{"start":{"line":20,"column":19},"end":{"line":20,"column":null}}],"line":20},"7":{"loc":{"start":{"line":25,"column":16},"end":{"line":25,"column":null}},"type":"binary-expr","locations":[{"start":{"line":25,"column":16},"end":{"line":25,"column":18}},{"start":{"line":25,"column":16},"end":{"line":25,"column":null}}],"line":25},"8":{"loc":{"start":{"line":30,"column":29},"end":{"line":30,"column":41}},"type":"binary-expr","locations":[{"start":{"line":30,"column":29},"end":{"line":30,"column":39}},{"start":{"line":30,"column":29},"end":{"line":30,"column":41}}],"line":30},"9":{"loc":{"start":{"line":34,"column":15},"end":{"line":34,"column":null}},"type":"binary-expr","locations":[{"start":{"line":34,"column":15},"end":{"line":34,"column":17}},{"start":{"line":34,"column":15},"end":{"line":34,"column":null}}],"line":34},"10":{"loc":{"start":{"line":38,"column":38},"end":{"line":68,"column":21}},"type":"cond-expr","locations":[{"start":{"line":38,"column":4},"end":{"line":68,"column":21}}],"line":38},"11":{"loc":{"start":{"line":49,"column":55},"end":{"line":49,"column":64}},"type":"binary-expr","locations":[{"start":{"line":49,"column":55},"end":{"line":49,"column":60}},{"start":{"line":49,"column":55},"end":{"line":49,"column":64}}],"line":49},"12":{"loc":{"start":{"line":50,"column":31},"end":{"line":51,"column":28}},"type":"binary-expr","locations":[{"start":{"line":50,"column":31},"end":{"line":50,"column":null}},{"start":{"line":50,"column":31},"end":{"line":51,"column":28}}],"line":50},"13":{"loc":{"start":{"line":51,"column":23},"end":{"line":51,"column":null}},"type":"binary-expr","locations":[{"start":{"line":51,"column":23},"end":{"line":51,"column":28}},{"start":{"line":51,"column":23},"end":{"line":51,"column":null}}],"line":51},"14":{"loc":{"start":{"line":52,"column":66},"end":{"line":52,"column":91}},"type":"binary-expr","locations":[{"start":{"line":52,"column":66},"end":{"line":52,"column":86}},{"start":{"line":52,"column":66},"end":{"line":52,"column":91}}],"line":52},"15":{"loc":{"start":{"line":52,"column":86},"end":{"line":52,"column":null}},"type":"binary-expr","locations":[{"start":{"line":52,"column":86},"end":{"line":52,"column":91}},{"start":{"line":52,"column":86},"end":{"line":52,"column":null}}],"line":52},"16":{"loc":{"start":{"line":53,"column":66},"end":{"line":54,"column":12}},"type":"binary-expr","locations":[{"start":{"line":53,"column":66},"end":{"line":53,"column":null}},{"start":{"line":53,"column":66},"end":{"line":54,"column":12}}],"line":53},"17":{"loc":{"start":{"line":68,"column":8},"end":{"line":68,"column":21}},"type":"binary-expr","locations":[{"start":{"line":68,"column":8},"end":{"line":68,"column":21}},{"start":{"line":68,"column":8},"end":{"line":68,"column":21}}],"line":68}},"s":{"0":1,"1":14,"2":14,"3":14,"4":14,"5":14,"6":4,"7":14,"8":19,"9":19,"10":17,"11":2,"12":14,"13":1,"14":1,"15":1,"16":1,"17":14,"18":4,"19":4,"20":1,"21":3,"22":3,"23":3,"24":2,"25":1,"26":1,"27":1,"28":1,"29":3,"30":1,"31":1,"32":1,"33":1,"34":1,"35":1,"36":25,"37":0,"38":0,"39":0,"40":0,"41":0,"42":0,"43":0,"44":0,"45":0,"46":0,"47":0},"f":{"0":4,"1":19,"2":1,"3":4,"4":0,"5":0,"6":0,"7":0,"8":0,"9":0,"10":0,"11":0,"12":0,"13":0,"14":0,"15":0},"b":{"0":[17,2],"1":[1,3],"2":[1,1],"3":[1,0],"4":[25,14],"5":[0,0],"6":[0,0],"7":[0,0],"8":[25,14],"9":[0,0],"10":[23,null],"11":[23,14],"12":[23,14],"13":[23,14],"14":[23,14],"15":[23,14],"16":[23,14],"17":[0,0]},"meta":{"lastBranch":0,"lastFunction":0,"lastStatement":0,"seen":{}}}
,"D:\\AFitness\\Fitness\\frontend\\src\\components\\MetricsOverview.vue": {"path":"D:\\AFitness\\Fitness\\frontend\\src\\components\\MetricsOverview.vue","statementMap":{"0":{"start":{"line":201,"column":14},"end":{"line":201,"column":null}},"1":{"start":{"line":204,"column":15},"end":{"line":204,"column":null}},"2":{"start":{"line":205,"column":17},"end":{"line":205,"column":null}},"3":{"start":{"line":206,"column":27},"end":{"line":206,"column":null}},"4":{"start":{"line":207,"column":20},"end":{"line":207,"column":null}},"5":{"start":{"line":208,"column":19},"end":{"line":208,"column":null}},"6":{"start":{"line":209,"column":21},"end":{"line":209,"column":null}},"7":{"start":{"line":210,"column":26},"end":{"line":210,"column":null}},"8":{"start":{"line":211,"column":25},"end":{"line":211,"column":null}},"9":{"start":{"line":212,"column":21},"end":{"line":212,"column":null}},"10":{"start":{"line":213,"column":23},"end":{"line":213,"column":null}},"11":{"start":{"line":216,"column":20},"end":{"line":220,"column":null}},"12":{"start":{"line":223,"column":19},"end":{"line":223,"column":null}},"13":{"start":{"line":226,"column":20},"end":{"line":226,"column":null}},"14":{"start":{"line":227,"column":21},"end":{"line":227,"column":null}},"15":{"start":{"line":228,"column":19},"end":{"line":228,"column":null}},"16":{"start":{"line":231,"column":13},"end":{"line":236,"column":null}},"17":{"start":{"line":239,"column":24},"end":{"line":255,"column":null}},"18":{"start":{"line":258,"column":25},"end":{"line":263,"column":null}},"19":{"start":{"line":259,"column":17},"end":{"line":259,"column":null}},"20":{"start":{"line":260,"column":2},"end":{"line":260,"column":null}},"21":{"start":{"line":260,"column":18},"end":{"line":260,"column":null}},"22":{"start":{"line":261,"column":2},"end":{"line":261,"column":null}},"23":{"start":{"line":261,"column":18},"end":{"line":261,"column":null}},"24":{"start":{"line":262,"column":2},"end":{"line":262,"column":null}},"25":{"start":{"line":265,"column":24},"end":{"line":271,"column":null}},"26":{"start":{"line":266,"column":20},"end":{"line":266,"column":null}},"27":{"start":{"line":267,"column":17},"end":{"line":267,"column":null}},"28":{"start":{"line":268,"column":2},"end":{"line":268,"column":null}},"29":{"start":{"line":268,"column":18},"end":{"line":268,"column":null}},"30":{"start":{"line":269,"column":2},"end":{"line":269,"column":null}},"31":{"start":{"line":269,"column":18},"end":{"line":269,"column":null}},"32":{"start":{"line":270,"column":2},"end":{"line":270,"column":null}},"33":{"start":{"line":273,"column":22},"end":{"line":278,"column":null}},"34":{"start":{"line":274,"column":16},"end":{"line":274,"column":null}},"35":{"start":{"line":275,"column":2},"end":{"line":275,"column":null}},"36":{"start":{"line":275,"column":19},"end":{"line":275,"column":null}},"37":{"start":{"line":276,"column":2},"end":{"line":276,"column":null}},"38":{"start":{"line":276,"column":19},"end":{"line":276,"column":null}},"39":{"start":{"line":277,"column":2},"end":{"line":277,"column":null}},"40":{"start":{"line":280,"column":26},"end":{"line":285,"column":null}},"41":{"start":{"line":281,"column":15},"end":{"line":281,"column":null}},"42":{"start":{"line":282,"column":2},"end":{"line":282,"column":null}},"43":{"start":{"line":282,"column":18},"end":{"line":282,"column":null}},"44":{"start":{"line":283,"column":2},"end":{"line":283,"column":null}},"45":{"start":{"line":283,"column":18},"end":{"line":283,"column":null}},"46":{"start":{"line":284,"column":2},"end":{"line":284,"column":null}},"47":{"start":{"line":288,"column":23},"end":{"line":411,"column":null}},"48":{"start":{"line":289,"column":14},"end":{"line":289,"column":null}},"49":{"start":{"line":292,"column":2},"end":{"line":307,"column":null}},"50":{"start":{"line":296,"column":23},"end":{"line":296,"column":null}},"51":{"start":{"line":297,"column":4},"end":{"line":297,"column":null}},"52":{"start":{"line":298,"column":4},"end":{"line":298,"column":null}},"53":{"start":{"line":299,"column":4},"end":{"line":299,"column":null}},"54":{"start":{"line":300,"column":4},"end":{"line":300,"column":null}},"55":{"start":{"line":301,"column":4},"end":{"line":301,"column":null}},"56":{"start":{"line":302,"column":4},"end":{"line":302,"column":null}},"57":{"start":{"line":303,"column":4},"end":{"line":303,"column":null}},"58":{"start":{"line":304,"column":4},"end":{"line":304,"column":null}},"59":{"start":{"line":305,"column":4},"end":{"line":305,"column":null}},"60":{"start":{"line":306,"column":4},"end":{"line":306,"column":null}},"61":{"start":{"line":309,"column":2},"end":{"line":309,"column":null}},"62":{"start":{"line":310,"column":2},"end":{"line":410,"column":null}},"63":{"start":{"line":312,"column":21},"end":{"line":312,"column":null}},"64":{"start":{"line":314,"column":4},"end":{"line":378,"column":null}},"65":{"start":{"line":316,"column":37},"end":{"line":316,"column":null}},"66":{"start":{"line":317,"column":30},"end":{"line":317,"column":null}},"67":{"start":{"line":318,"column":29},"end":{"line":318,"column":null}},"68":{"start":{"line":321,"column":31},"end":{"line":321,"column":null}},"69":{"start":{"line":322,"column":30},"end":{"line":322,"column":null}},"70":{"start":{"line":323,"column":31},"end":{"line":323,"column":null}},"71":{"start":{"line":324,"column":29},"end":{"line":324,"column":null}},"72":{"start":{"line":327,"column":36},"end":{"line":327,"column":null}},"73":{"start":{"line":331,"column":6},"end":{"line":341,"column":null}},"74":{"start":{"line":332,"column":8},"end":{"line":332,"column":null}},"75":{"start":{"line":335,"column":8},"end":{"line":340,"column":null}},"76":{"start":{"line":344,"column":6},"end":{"line":344,"column":null}},"77":{"start":{"line":345,"column":6},"end":{"line":345,"column":null}},"78":{"start":{"line":346,"column":6},"end":{"line":346,"column":null}},"79":{"start":{"line":347,"column":6},"end":{"line":347,"column":null}},"80":{"start":{"line":348,"column":6},"end":{"line":348,"column":null}},"81":{"start":{"line":349,"column":6},"end":{"line":349,"column":null}},"82":{"start":{"line":350,"column":6},"end":{"line":350,"column":null}},"83":{"start":{"line":351,"column":6},"end":{"line":351,"column":null}},"84":{"start":{"line":352,"column":6},"end":{"line":352,"column":null}},"85":{"start":{"line":355,"column":6},"end":{"line":369,"column":null}},"86":{"start":{"line":371,"column":6},"end":{"line":371,"column":null}},"87":{"start":{"line":374,"column":6},"end":{"line":374,"column":null}},"88":{"start":{"line":375,"column":6},"end":{"line":375,"column":null}},"89":{"start":{"line":377,"column":6},"end":{"line":377,"column":null}},"90":{"start":{"line":380,"column":4},"end":{"line":380,"column":null}},"91":{"start":{"line":381,"column":4},"end":{"line":381,"column":null}},"92":{"start":{"line":384,"column":39},"end":{"line":384,"column":null}},"93":{"start":{"line":385,"column":32},"end":{"line":385,"column":null}},"94":{"start":{"line":386,"column":31},"end":{"line":386,"column":null}},"95":{"start":{"line":387,"column":33},"end":{"line":387,"column":null}},"96":{"start":{"line":388,"column":38},"end":{"line":388,"column":null}},"97":{"start":{"line":389,"column":32},"end":{"line":389,"column":null}},"98":{"start":{"line":390,"column":33},"end":{"line":390,"column":null}},"99":{"start":{"line":391,"column":31},"end":{"line":391,"column":null}},"100":{"start":{"line":392,"column":25},"end":{"line":397,"column":null}},"101":{"start":{"line":399,"column":4},"end":{"line":399,"column":null}},"102":{"start":{"line":400,"column":4},"end":{"line":400,"column":null}},"103":{"start":{"line":401,"column":4},"end":{"line":401,"column":null}},"104":{"start":{"line":402,"column":4},"end":{"line":402,"column":null}},"105":{"start":{"line":403,"column":4},"end":{"line":403,"column":null}},"106":{"start":{"line":404,"column":4},"end":{"line":404,"column":null}},"107":{"start":{"line":405,"column":4},"end":{"line":405,"column":null}},"108":{"start":{"line":406,"column":4},"end":{"line":406,"column":null}},"109":{"start":{"line":407,"column":4},"end":{"line":407,"column":null}},"110":{"start":{"line":409,"column":4},"end":{"line":409,"column":null}},"111":{"start":{"line":414,"column":19},"end":{"line":421,"column":null}},"112":{"start":{"line":415,"column":2},"end":{"line":420,"column":null}},"113":{"start":{"line":416,"column":4},"end":{"line":416,"column":null}},"114":{"start":{"line":418,"column":4},"end":{"line":418,"column":null}},"115":{"start":{"line":419,"column":4},"end":{"line":419,"column":null}},"116":{"start":{"line":424,"column":21},"end":{"line":431,"column":null}},"117":{"start":{"line":425,"column":2},"end":{"line":430,"column":null}},"118":{"start":{"line":426,"column":4},"end":{"line":426,"column":null}},"119":{"start":{"line":428,"column":4},"end":{"line":428,"column":null}},"120":{"start":{"line":429,"column":4},"end":{"line":429,"column":null}},"121":{"start":{"line":434,"column":25},"end":{"line":438,"column":null}},"122":{"start":{"line":435,"column":2},"end":{"line":435,"column":null}},"123":{"start":{"line":435,"column":19},"end":{"line":435,"column":null}},"124":{"start":{"line":436,"column":2},"end":{"line":436,"column":null}},"125":{"start":{"line":436,"column":19},"end":{"line":436,"column":null}},"126":{"start":{"line":437,"column":2},"end":{"line":437,"column":null}},"127":{"start":{"line":440,"column":31},"end":{"line":449,"column":null}},"128":{"start":{"line":441,"column":23},"end":{"line":445,"column":null}},"129":{"start":{"line":447,"column":17},"end":{"line":447,"column":null}},"130":{"start":{"line":448,"column":2},"end":{"line":448,"column":null}},"131":{"start":{"line":452,"column":22},"end":{"line":497,"column":null}},"132":{"start":{"line":453,"column":2},"end":{"line":453,"column":null}},"133":{"start":{"line":453,"column":30},"end":{"line":453,"column":null}},"134":{"start":{"line":455,"column":2},"end":{"line":496,"column":null}},"135":{"start":{"line":456,"column":19},"end":{"line":456,"column":null}},"136":{"start":{"line":457,"column":16},"end":{"line":457,"column":null}},"137":{"start":{"line":458,"column":18},"end":{"line":458,"column":null}},"138":{"start":{"line":459,"column":19},"end":{"line":459,"column":null}},"139":{"start":{"line":462,"column":4},"end":{"line":462,"column":null}},"140":{"start":{"line":465,"column":23},"end":{"line":465,"column":null}},"141":{"start":{"line":466,"column":4},"end":{"line":468,"column":null}},"142":{"start":{"line":466,"column":17},"end":{"line":466,"column":18}},"143":{"start":{"line":467,"column":6},"end":{"line":467,"column":null}},"144":{"start":{"line":471,"column":4},"end":{"line":471,"column":null}},"145":{"start":{"line":472,"column":4},"end":{"line":472,"column":null}},"146":{"start":{"line":473,"column":4},"end":{"line":473,"column":null}},"147":{"start":{"line":475,"column":4},"end":{"line":484,"column":null}},"148":{"start":{"line":476,"column":16},"end":{"line":476,"column":null}},"149":{"start":{"line":477,"column":16},"end":{"line":477,"column":null}},"150":{"start":{"line":479,"column":6},"end":{"line":483,"column":null}},"151":{"start":{"line":480,"column":8},"end":{"line":480,"column":null}},"152":{"start":{"line":482,"column":8},"end":{"line":482,"column":null}},"153":{"start":{"line":486,"column":4},"end":{"line":486,"column":null}},"154":{"start":{"line":489,"column":4},"end":{"line":489,"column":null}},"155":{"start":{"line":490,"column":4},"end":{"line":490,"column":null}},"156":{"start":{"line":491,"column":4},"end":{"line":491,"column":null}},"157":{"start":{"line":492,"column":4},"end":{"line":492,"column":null}},"158":{"start":{"line":493,"column":4},"end":{"line":493,"column":null}},"159":{"start":{"line":495,"column":4},"end":{"line":495,"column":null}},"160":{"start":{"line":500,"column":25},"end":{"line":507,"column":null}},"161":{"start":{"line":501,"column":2},"end":{"line":503,"column":null}},"162":{"start":{"line":502,"column":4},"end":{"line":502,"column":null}},"163":{"start":{"line":504,"column":2},"end":{"line":506,"column":null}},"164":{"start":{"line":505,"column":4},"end":{"line":505,"column":null}},"165":{"start":{"line":510,"column":0},"end":{"line":510,"column":null}},"166":{"start":{"line":512,"column":0},"end":{"line":514,"column":null}},"167":{"start":{"line":513,"column":2},"end":{"line":513,"column":null}},"168":{"start":{"line":517,"column":0},"end":{"line":521,"column":null}},"169":{"start":{"line":518,"column":2},"end":{"line":520,"column":null}},"170":{"start":{"line":519,"column":4},"end":{"line":519,"column":null}},"171":{"start":{"line":2,"column":7},"end":{"line":2,"column":null}},"172":{"start":{"line":3,"column":9},"end":{"line":3,"column":null}},"173":{"start":{"line":8,"column":11},"end":{"line":8,"column":null}},"174":{"start":{"line":21,"column":9},"end":{"line":21,"column":null}},"175":{"start":{"line":24,"column":13},"end":{"line":24,"column":null}},"176":{"start":{"line":25,"column":15},"end":{"line":25,"column":null}},"177":{"start":{"line":26,"column":16},"end":{"line":26,"column":40}},"178":{"start":{"line":29,"column":15},"end":{"line":29,"column":null}},"179":{"start":{"line":33,"column":13},"end":{"line":33,"column":null}},"180":{"start":{"line":43,"column":13},"end":{"line":43,"column":null}},"181":{"start":{"line":44,"column":15},"end":{"line":44,"column":null}},"182":{"start":{"line":52,"column":13},"end":{"line":52,"column":null}},"183":{"start":{"line":53,"column":15},"end":{"line":53,"column":null}},"184":{"start":{"line":54,"column":16},"end":{"line":54,"column":40}},"185":{"start":{"line":57,"column":15},"end":{"line":57,"column":null}},"186":{"start":{"line":61,"column":13},"end":{"line":61,"column":null}},"187":{"start":{"line":66,"column":13},"end":{"line":66,"column":null}},"188":{"start":{"line":70,"column":13},"end":{"line":70,"column":null}},"189":{"start":{"line":76,"column":13},"end":{"line":76,"column":null}},"190":{"start":{"line":85,"column":13},"end":{"line":85,"column":null}},"191":{"start":{"line":93,"column":13},"end":{"line":93,"column":null}},"192":{"start":{"line":94,"column":15},"end":{"line":94,"column":null}},"193":{"start":{"line":101,"column":13},"end":{"line":101,"column":null}},"194":{"start":{"line":102,"column":15},"end":{"line":102,"column":null}},"195":{"start":{"line":103,"column":16},"end":{"line":103,"column":40}},"196":{"start":{"line":106,"column":15},"end":{"line":106,"column":null}},"197":{"start":{"line":110,"column":13},"end":{"line":110,"column":null}},"198":{"start":{"line":118,"column":13},"end":{"line":118,"column":null}},"199":{"start":{"line":138,"column":11},"end":{"line":138,"column":null}},"200":{"start":{"line":139,"column":13},"end":{"line":139,"column":null}},"201":{"start":{"line":143,"column":13},"end":{"line":143,"column":45}},"202":{"start":{"line":145,"column":13},"end":{"line":145,"column":null}},"203":{"start":{"line":146,"column":15},"end":{"line":146,"column":null}},"204":{"start":{"line":150,"column":15},"end":{"line":150,"column":null}},"205":{"start":{"line":154,"column":15},"end":{"line":154,"column":null}},"206":{"start":{"line":164,"column":11},"end":{"line":164,"column":null}},"207":{"start":{"line":165,"column":13},"end":{"line":165,"column":null}},"208":{"start":{"line":166,"column":15},"end":{"line":166,"column":null}},"209":{"start":{"line":167,"column":17},"end":{"line":167,"column":null}},"210":{"start":{"line":173,"column":13},"end":{"line":173,"column":null}},"211":{"start":{"line":175,"column":17},"end":{"line":175,"column":null}},"212":{"start":{"line":176,"column":20},"end":{"line":176,"column":41}},"213":{"start":{"line":177,"column":20},"end":{"line":177,"column":45}},"214":{"start":{"line":2,"column":2},"end":{"line":182,"column":null}},"215":{"start":{"line":9,"column":28},"end":{"line":9,"column":40}},"216":{"start":{"line":10,"column":47},"end":{"line":12,"column":47}},"217":{"start":{"line":15,"column":40},"end":{"line":17,"column":20}},"218":{"start":{"line":15,"column":30},"end":{"line":15,"column":40}},"219":{"start":{"line":23,"column":54},"end":{"line":23,"column":104}},"220":{"start":{"line":30,"column":36},"end":{"line":30,"column":46}},"221":{"start":{"line":39,"column":55},"end":{"line":39,"column":65}},"222":{"start":{"line":40,"column":63},"end":{"line":40,"column":73}},"223":{"start":{"line":51,"column":54},"end":{"line":51,"column":104}},"224":{"start":{"line":58,"column":34},"end":{"line":58,"column":44}},"225":{"start":{"line":67,"column":31},"end":{"line":67,"column":41}},"226":{"start":{"line":75,"column":54},"end":{"line":75,"column":101}},"227":{"start":{"line":82,"column":30},"end":{"line":82,"column":40}},"228":{"start":{"line":100,"column":53},"end":{"line":100,"column":96}},"229":{"start":{"line":107,"column":28},"end":{"line":107,"column":38}},"230":{"start":{"line":137,"column":24},"end":{"line":137,"column":43}},"231":{"start":{"line":159,"column":12},"end":{"line":156,"column":85}},"232":{"start":{"line":148,"column":30},"end":{"line":148,"column":44}},"233":{"start":{"line":152,"column":30},"end":{"line":152,"column":45}},"234":{"start":{"line":156,"column":30},"end":{"line":156,"column":43}},"235":{"start":{"line":163,"column":24},"end":{"line":163,"column":39}},"236":{"start":{"line":186,"column":12},"end":{"line":182,"column":null}},"237":{"start":{"line":174,"column":10},"end":{"line":182,"column":null}}},"fnMap":{"0":{"name":"(anonymous_0)","decl":{"start":{"line":258,"column":35},"end":{"line":258,"column":36}},"loc":{"start":{"line":258,"column":41},"end":{"line":263,"column":1}},"line":258},"1":{"name":"(anonymous_1)","decl":{"start":{"line":265,"column":34},"end":{"line":265,"column":35}},"loc":{"start":{"line":265,"column":40},"end":{"line":271,"column":1}},"line":265},"2":{"name":"(anonymous_2)","decl":{"start":{"line":273,"column":32},"end":{"line":273,"column":33}},"loc":{"start":{"line":273,"column":38},"end":{"line":278,"column":1}},"line":273},"3":{"name":"(anonymous_3)","decl":{"start":{"line":280,"column":36},"end":{"line":280,"column":37}},"loc":{"start":{"line":280,"column":42},"end":{"line":285,"column":1}},"line":280},"4":{"name":"(anonymous_4)","decl":{"start":{"line":288,"column":23},"end":{"line":288,"column":28}},"loc":{"start":{"line":288,"column":55},"end":{"line":411,"column":null}},"line":288},"5":{"name":"(anonymous_5)","decl":{"start":{"line":414,"column":19},"end":{"line":414,"column":20}},"loc":{"start":{"line":414,"column":30},"end":{"line":421,"column":null}},"line":414},"6":{"name":"(anonymous_6)","decl":{"start":{"line":424,"column":21},"end":{"line":424,"column":22}},"loc":{"start":{"line":424,"column":30},"end":{"line":431,"column":null}},"line":424},"7":{"name":"(anonymous_7)","decl":{"start":{"line":434,"column":25},"end":{"line":434,"column":26}},"loc":{"start":{"line":434,"column":36},"end":{"line":438,"column":null}},"line":434},"8":{"name":"(anonymous_8)","decl":{"start":{"line":440,"column":31},"end":{"line":440,"column":32}},"loc":{"start":{"line":440,"column":42},"end":{"line":449,"column":null}},"line":440},"9":{"name":"(anonymous_9)","decl":{"start":{"line":452,"column":22},"end":{"line":452,"column":23}},"loc":{"start":{"line":452,"column":28},"end":{"line":497,"column":null}},"line":452},"10":{"name":"(anonymous_10)","decl":{"start":{"line":475,"column":23},"end":{"line":475,"column":24}},"loc":{"start":{"line":475,"column":41},"end":{"line":484,"column":5}},"line":475},"11":{"name":"(anonymous_11)","decl":{"start":{"line":500,"column":25},"end":{"line":500,"column":26}},"loc":{"start":{"line":500,"column":31},"end":{"line":507,"column":null}},"line":500},"12":{"name":"(anonymous_12)","decl":{"start":{"line":504,"column":28},"end":{"line":504,"column":29}},"loc":{"start":{"line":504,"column":34},"end":{"line":506,"column":3}},"line":504},"13":{"name":"(anonymous_13)","decl":{"start":{"line":512,"column":10},"end":{"line":512,"column":11}},"loc":{"start":{"line":512,"column":16},"end":{"line":514,"column":1}},"line":512},"14":{"name":"(anonymous_14)","decl":{"start":{"line":517,"column":12},"end":{"line":517,"column":13}},"loc":{"start":{"line":517,"column":18},"end":{"line":521,"column":1}},"line":517},"15":{"name":"(anonymous_15)","decl":{"start":{"line":9,"column":28},"end":{"line":9,"column":37}},"loc":{"start":{"line":9,"column":28},"end":{"line":9,"column":40}},"line":9},"16":{"name":"(anonymous_16)","decl":{"start":{"line":10,"column":10},"end":{"line":10,"column":21}},"loc":{"start":{"line":10,"column":47},"end":{"line":12,"column":47}},"line":10},"17":{"name":"(anonymous_17)","decl":{"start":{"line":15,"column":10},"end":{"line":15,"column":19}},"loc":{"start":{"line":15,"column":40},"end":{"line":17,"column":20}},"line":15},"18":{"name":"(anonymous_18)","decl":{"start":{"line":15,"column":19},"end":{"line":15,"column":30}},"loc":{"start":{"line":15,"column":30},"end":{"line":15,"column":40}},"line":15},"19":{"name":"(anonymous_19)","decl":{"start":{"line":23,"column":52},"end":{"line":23,"column":54}},"loc":{"start":{"line":23,"column":54},"end":{"line":23,"column":104}},"line":23},"20":{"name":"(anonymous_20)","decl":{"start":{"line":30,"column":21},"end":{"line":30,"column":36}},"loc":{"start":{"line":30,"column":36},"end":{"line":30,"column":46}},"line":30},"21":{"name":"(anonymous_21)","decl":{"start":{"line":39,"column":43},"end":{"line":39,"column":55}},"loc":{"start":{"line":39,"column":55},"end":{"line":39,"column":65}},"line":39},"22":{"name":"(anonymous_22)","decl":{"start":{"line":40,"column":48},"end":{"line":40,"column":63}},"loc":{"start":{"line":40,"column":63},"end":{"line":40,"column":73}},"line":40},"23":{"name":"(anonymous_23)","decl":{"start":{"line":51,"column":52},"end":{"line":51,"column":54}},"loc":{"start":{"line":51,"column":54},"end":{"line":51,"column":104}},"line":51},"24":{"name":"(anonymous_24)","decl":{"start":{"line":58,"column":21},"end":{"line":58,"column":34}},"loc":{"start":{"line":58,"column":34},"end":{"line":58,"column":44}},"line":58},"25":{"name":"(anonymous_25)","decl":{"start":{"line":67,"column":19},"end":{"line":67,"column":31}},"loc":{"start":{"line":67,"column":31},"end":{"line":67,"column":41}},"line":67},"26":{"name":"(anonymous_26)","decl":{"start":{"line":75,"column":52},"end":{"line":75,"column":54}},"loc":{"start":{"line":75,"column":54},"end":{"line":75,"column":101}},"line":75},"27":{"name":"(anonymous_27)","decl":{"start":{"line":82,"column":21},"end":{"line":82,"column":30}},"loc":{"start":{"line":82,"column":30},"end":{"line":82,"column":40}},"line":82},"28":{"name":"(anonymous_28)","decl":{"start":{"line":100,"column":51},"end":{"line":100,"column":53}},"loc":{"start":{"line":100,"column":53},"end":{"line":100,"column":96}},"line":100},"29":{"name":"(anonymous_29)","decl":{"start":{"line":107,"column":21},"end":{"line":107,"column":28}},"loc":{"start":{"line":107,"column":28},"end":{"line":107,"column":38}},"line":107},"30":{"name":"(anonymous_30)","decl":{"start":{"line":137,"column":24},"end":{"line":137,"column":41}},"loc":{"start":{"line":137,"column":24},"end":{"line":137,"column":43}},"line":137},"31":{"name":"(anonymous_31)","decl":{"start":{"line":138,"column":6},"end":{"line":138,"column":11}},"loc":{"start":{"line":159,"column":12},"end":{"line":156,"column":85}},"line":159},"32":{"name":"(anonymous_32)","decl":{"start":{"line":148,"column":30},"end":{"line":148,"column":42}},"loc":{"start":{"line":148,"column":30},"end":{"line":148,"column":44}},"line":148},"33":{"name":"(anonymous_33)","decl":{"start":{"line":152,"column":30},"end":{"line":152,"column":43}},"loc":{"start":{"line":152,"column":30},"end":{"line":152,"column":45}},"line":152},"34":{"name":"(anonymous_34)","decl":{"start":{"line":156,"column":30},"end":{"line":156,"column":41}},"loc":{"start":{"line":156,"column":30},"end":{"line":156,"column":43}},"line":156},"35":{"name":"(anonymous_35)","decl":{"start":{"line":163,"column":24},"end":{"line":163,"column":37}},"loc":{"start":{"line":163,"column":24},"end":{"line":163,"column":39}},"line":163},"36":{"name":"(anonymous_36)","decl":{"start":{"line":164,"column":6},"end":{"line":164,"column":11}},"loc":{"start":{"line":186,"column":12},"end":{"line":182,"column":null}},"line":186},"37":{"name":"(anonymous_37)","decl":{"start":{"line":174,"column":35},"end":{"line":174,"column":38}},"loc":{"start":{"line":174,"column":26},"end":{"line":182,"column":null}},"line":174}},"branchMap":{"0":{"loc":{"start":{"line":260,"column":2},"end":{"line":260,"column":null}},"type":"if","locations":[{"start":{"line":260,"column":2},"end":{"line":260,"column":null}},{"start":{},"end":{}}],"line":260},"1":{"loc":{"start":{"line":261,"column":2},"end":{"line":261,"column":null}},"type":"if","locations":[{"start":{"line":261,"column":2},"end":{"line":261,"column":null}},{"start":{},"end":{}}],"line":261},"2":{"loc":{"start":{"line":266,"column":20},"end":{"line":266,"column":null}},"type":"cond-expr","locations":[{"start":{"line":266,"column":49},"end":{"line":266,"column":53}},{"start":{"line":266,"column":56},"end":{"line":266,"column":null}}],"line":266},"3":{"loc":{"start":{"line":266,"column":56},"end":{"line":266,"column":null}},"type":"cond-expr","locations":[{"start":{"line":266,"column":86},"end":{"line":266,"column":90}},{"start":{"line":266,"column":93},"end":{"line":266,"column":null}}],"line":266},"4":{"loc":{"start":{"line":268,"column":2},"end":{"line":268,"column":null}},"type":"if","locations":[{"start":{"line":268,"column":2},"end":{"line":268,"column":null}},{"start":{},"end":{}}],"line":268},"5":{"loc":{"start":{"line":269,"column":2},"end":{"line":269,"column":null}},"type":"if","locations":[{"start":{"line":269,"column":2},"end":{"line":269,"column":null}},{"start":{},"end":{}}],"line":269},"6":{"loc":{"start":{"line":275,"column":2},"end":{"line":275,"column":null}},"type":"if","locations":[{"start":{"line":275,"column":2},"end":{"line":275,"column":null}},{"start":{},"end":{}}],"line":275},"7":{"loc":{"start":{"line":276,"column":2},"end":{"line":276,"column":null}},"type":"if","locations":[{"start":{"line":276,"column":2},"end":{"line":276,"column":null}},{"start":{},"end":{}}],"line":276},"8":{"loc":{"start":{"line":282,"column":2},"end":{"line":282,"column":null}},"type":"if","locations":[{"start":{"line":282,"column":2},"end":{"line":282,"column":null}},{"start":{},"end":{}}],"line":282},"9":{"loc":{"start":{"line":283,"column":2},"end":{"line":283,"column":null}},"type":"if","locations":[{"start":{"line":283,"column":2},"end":{"line":283,"column":null}},{"start":{},"end":{}}],"line":283},"10":{"loc":{"start":{"line":288,"column":30},"end":{"line":288,"column":50}},"type":"default-arg","locations":[{"start":{"line":288,"column":45},"end":{"line":288,"column":50}}],"line":288},"11":{"loc":{"start":{"line":292,"column":2},"end":{"line":307,"column":null}},"type":"if","locations":[{"start":{"line":292,"column":2},"end":{"line":307,"column":null}},{"start":{},"end":{}}],"line":292},"12":{"loc":{"start":{"line":292,"column":6},"end":{"line":295,"column":65}},"type":"binary-expr","locations":[{"start":{"line":292,"column":6},"end":{"line":292,"column":19}},{"start":{"line":293,"column":6},"end":{"line":293,"column":29}},{"start":{"line":294,"column":6},"end":{"line":294,"column":34}},{"start":{"line":295,"column":6},"end":{"line":295,"column":65}}],"line":292},"13":{"loc":{"start":{"line":314,"column":4},"end":{"line":378,"column":null}},"type":"if","locations":[{"start":{"line":314,"column":4},"end":{"line":378,"column":null}},{"start":{"line":376,"column":11},"end":{"line":378,"column":null}}],"line":314},"14":{"loc":{"start":{"line":316,"column":37},"end":{"line":316,"column":null}},"type":"binary-expr","locations":[{"start":{"line":316,"column":37},"end":{"line":316,"column":70}},{"start":{"line":316,"column":74},"end":{"line":316,"column":null}}],"line":316},"15":{"loc":{"start":{"line":317,"column":30},"end":{"line":317,"column":null}},"type":"binary-expr","locations":[{"start":{"line":317,"column":30},"end":{"line":317,"column":56}},{"start":{"line":317,"column":60},"end":{"line":317,"column":null}}],"line":317},"16":{"loc":{"start":{"line":318,"column":29},"end":{"line":318,"column":null}},"type":"binary-expr","locations":[{"start":{"line":318,"column":29},"end":{"line":318,"column":54}},{"start":{"line":318,"column":58},"end":{"line":318,"column":null}}],"line":318},"17":{"loc":{"start":{"line":321,"column":31},"end":{"line":321,"column":null}},"type":"binary-expr","locations":[{"start":{"line":321,"column":31},"end":{"line":321,"column":58}},{"start":{"line":321,"column":62},"end":{"line":321,"column":null}}],"line":321},"18":{"loc":{"start":{"line":322,"column":30},"end":{"line":322,"column":null}},"type":"binary-expr","locations":[{"start":{"line":322,"column":30},"end":{"line":322,"column":56}},{"start":{"line":322,"column":60},"end":{"line":322,"column":null}}],"line":322},"19":{"loc":{"start":{"line":323,"column":31},"end":{"line":323,"column":null}},"type":"binary-expr","locations":[{"start":{"line":323,"column":31},"end":{"line":323,"column":58}},{"start":{"line":323,"column":62},"end":{"line":323,"column":null}}],"line":323},"20":{"loc":{"start":{"line":324,"column":29},"end":{"line":324,"column":null}},"type":"binary-expr","locations":[{"start":{"line":324,"column":29},"end":{"line":324,"column":54}},{"start":{"line":324,"column":58},"end":{"line":324,"column":null}}],"line":324},"21":{"loc":{"start":{"line":327,"column":36},"end":{"line":327,"column":null}},"type":"binary-expr","locations":[{"start":{"line":327,"column":36},"end":{"line":327,"column":68}},{"start":{"line":327,"column":72},"end":{"line":327,"column":null}}],"line":327},"22":{"loc":{"start":{"line":331,"column":6},"end":{"line":341,"column":null}},"type":"if","locations":[{"start":{"line":331,"column":6},"end":{"line":341,"column":null}},{"start":{"line":333,"column":13},"end":{"line":341,"column":null}}],"line":331},"23":{"loc":{"start":{"line":331,"column":10},"end":{"line":331,"column":67}},"type":"binary-expr","locations":[{"start":{"line":331,"column":10},"end":{"line":331,"column":29}},{"start":{"line":331,"column":33},"end":{"line":331,"column":67}}],"line":331},"24":{"loc":{"start":{"line":435,"column":2},"end":{"line":435,"column":null}},"type":"if","locations":[{"start":{"line":435,"column":2},"end":{"line":435,"column":null}},{"start":{},"end":{}}],"line":435},"25":{"loc":{"start":{"line":436,"column":2},"end":{"line":436,"column":null}},"type":"if","locations":[{"start":{"line":436,"column":2},"end":{"line":436,"column":null}},{"start":{},"end":{}}],"line":436},"26":{"loc":{"start":{"line":447,"column":17},"end":{"line":447,"column":null}},"type":"cond-expr","locations":[{"start":{"line":447,"column":31},"end":{"line":447,"column":42}},{"start":{"line":447,"column":45},"end":{"line":447,"column":null}}],"line":447},"27":{"loc":{"start":{"line":447,"column":45},"end":{"line":447,"column":null}},"type":"cond-expr","locations":[{"start":{"line":447,"column":59},"end":{"line":447,"column":65}},{"start":{"line":447,"column":68},"end":{"line":447,"column":null}}],"line":447},"28":{"loc":{"start":{"line":453,"column":2},"end":{"line":453,"column":null}},"type":"if","locations":[{"start":{"line":453,"column":2},"end":{"line":453,"column":null}},{"start":{},"end":{}}],"line":453},"29":{"loc":{"start":{"line":479,"column":6},"end":{"line":483,"column":null}},"type":"if","locations":[{"start":{"line":479,"column":6},"end":{"line":483,"column":null}},{"start":{"line":481,"column":13},"end":{"line":483,"column":null}}],"line":479},"30":{"loc":{"start":{"line":501,"column":2},"end":{"line":503,"column":null}},"type":"if","locations":[{"start":{"line":501,"column":2},"end":{"line":503,"column":null}},{"start":{},"end":{}}],"line":501},"31":{"loc":{"start":{"line":518,"column":2},"end":{"line":520,"column":null}},"type":"if","locations":[{"start":{"line":518,"column":2},"end":{"line":520,"column":null}},{"start":{},"end":{}}],"line":518},"32":{"loc":{"start":{"line":4,"column":6},"end":{"line":7,"column":11}},"type":"binary-expr","locations":[{"start":{"line":4,"column":6},"end":{"line":4,"column":10}},{"start":{"line":4,"column":6},"end":{"line":7,"column":11}}],"line":4},"33":{"loc":{"start":{"line":9,"column":28},"end":{"line":9,"column":40}},"type":"binary-expr","locations":[{"start":{"line":9,"column":28},"end":{"line":9,"column":37}},{"start":{"line":9,"column":28},"end":{"line":9,"column":40}}],"line":9},"34":{"loc":{"start":{"line":15,"column":40},"end":{"line":17,"column":20}},"type":"binary-expr","locations":[{"start":{"line":15,"column":40},"end":{"line":15,"column":null}},{"start":{"line":15,"column":40},"end":{"line":17,"column":20}}],"line":15},"35":{"loc":{"start":{"line":23,"column":52},"end":{"line":23,"column":104}},"type":"binary-expr","locations":[{"start":{"line":23,"column":52},"end":{"line":23,"column":54}},{"start":{"line":23,"column":52},"end":{"line":23,"column":104}}],"line":23},"36":{"loc":{"start":{"line":27,"column":12},"end":{"line":27,"column":49}},"type":"binary-expr","locations":[{"start":{"line":27,"column":12},"end":{"line":27,"column":15}},{"start":{"line":27,"column":12},"end":{"line":27,"column":49}}],"line":27},"37":{"loc":{"start":{"line":34,"column":22},"end":{"line":35,"column":92}},"type":"cond-expr","locations":[{"start":{"line":34,"column":10},"end":{"line":34,"column":69}},{"start":{"line":35,"column":10},"end":{"line":35,"column":92}}],"line":34},"38":{"loc":{"start":{"line":36,"column":10},"end":{"line":36,"column":43}},"type":"binary-expr","locations":[{"start":{"line":36,"column":10},"end":{"line":36,"column":16}},{"start":{"line":36,"column":10},"end":{"line":36,"column":43}}],"line":36},"39":{"loc":{"start":{"line":39,"column":25},"end":{"line":40,"column":73}},"type":"cond-expr","locations":[{"start":{"line":39,"column":10},"end":{"line":39,"column":65}},{"start":{"line":40,"column":30},"end":{"line":40,"column":73}}],"line":39},"40":{"loc":{"start":{"line":40,"column":30},"end":{"line":40,"column":73}},"type":"cond-expr","locations":[{"start":{"line":40,"column":10},"end":{"line":40,"column":73}}],"line":40},"41":{"loc":{"start":{"line":47,"column":10},"end":{"line":47,"column":51}},"type":"binary-expr","locations":[{"start":{"line":47,"column":10},"end":{"line":47,"column":16}},{"start":{"line":47,"column":10},"end":{"line":47,"column":51}}],"line":47},"42":{"loc":{"start":{"line":51,"column":52},"end":{"line":51,"column":104}},"type":"binary-expr","locations":[{"start":{"line":51,"column":52},"end":{"line":51,"column":54}},{"start":{"line":51,"column":52},"end":{"line":51,"column":104}}],"line":51},"43":{"loc":{"start":{"line":55,"column":12},"end":{"line":55,"column":47}},"type":"binary-expr","locations":[{"start":{"line":55,"column":12},"end":{"line":55,"column":15}},{"start":{"line":55,"column":12},"end":{"line":55,"column":47}}],"line":55},"44":{"loc":{"start":{"line":62,"column":22},"end":{"line":63,"column":98}},"type":"cond-expr","locations":[{"start":{"line":62,"column":10},"end":{"line":62,"column":69}},{"start":{"line":63,"column":10},"end":{"line":63,"column":98}}],"line":62},"45":{"loc":{"start":{"line":64,"column":10},"end":{"line":64,"column":44}},"type":"binary-expr","locations":[{"start":{"line":64,"column":10},"end":{"line":64,"column":16}},{"start":{"line":64,"column":10},"end":{"line":64,"column":44}}],"line":64},"46":{"loc":{"start":{"line":68,"column":10},"end":{"line":68,"column":27}},"type":"binary-expr","locations":[{"start":{"line":68,"column":10},"end":{"line":68,"column":16}},{"start":{"line":68,"column":10},"end":{"line":68,"column":27}}],"line":68},"47":{"loc":{"start":{"line":75,"column":52},"end":{"line":75,"column":101}},"type":"binary-expr","locations":[{"start":{"line":75,"column":52},"end":{"line":75,"column":54}},{"start":{"line":75,"column":52},"end":{"line":75,"column":101}}],"line":75},"48":{"loc":{"start":{"line":77,"column":10},"end":{"line":79,"column":49}},"type":"binary-expr","locations":[{"start":{"line":77,"column":10},"end":{"line":77,"column":15}},{"start":{"line":77,"column":10},"end":{"line":79,"column":49}}],"line":77},"49":{"loc":{"start":{"line":86,"column":22},"end":{"line":87,"column":86}},"type":"cond-expr","locations":[{"start":{"line":86,"column":10},"end":{"line":86,"column":69}},{"start":{"line":87,"column":10},"end":{"line":87,"column":86}}],"line":86},"50":{"loc":{"start":{"line":88,"column":10},"end":{"line":88,"column":43}},"type":"binary-expr","locations":[{"start":{"line":88,"column":10},"end":{"line":88,"column":16}},{"start":{"line":88,"column":10},"end":{"line":88,"column":43}}],"line":88},"51":{"loc":{"start":{"line":90,"column":42},"end":{"line":90,"column":null}},"type":"cond-expr","locations":[{"start":{"line":90,"column":55},"end":{"line":90,"column":77}},{"start":{"line":90,"column":77},"end":{"line":90,"column":null}}],"line":90},"52":{"loc":{"start":{"line":90,"column":77},"end":{"line":90,"column":null}},"type":"cond-expr","locations":[{"start":{"line":90,"column":90},"end":{"line":90,"column":null}},{"start":{"line":90,"column":90},"end":{"line":90,"column":null}}],"line":90},"53":{"loc":{"start":{"line":100,"column":51},"end":{"line":100,"column":96}},"type":"binary-expr","locations":[{"start":{"line":100,"column":51},"end":{"line":100,"column":53}},{"start":{"line":100,"column":51},"end":{"line":100,"column":96}}],"line":100},"54":{"loc":{"start":{"line":104,"column":12},"end":{"line":104,"column":46}},"type":"binary-expr","locations":[{"start":{"line":104,"column":12},"end":{"line":104,"column":15}},{"start":{"line":104,"column":12},"end":{"line":104,"column":46}}],"line":104},"55":{"loc":{"start":{"line":111,"column":22},"end":{"line":112,"column":91}},"type":"cond-expr","locations":[{"start":{"line":111,"column":10},"end":{"line":111,"column":69}},{"start":{"line":112,"column":10},"end":{"line":112,"column":91}}],"line":111},"56":{"loc":{"start":{"line":113,"column":10},"end":{"line":113,"column":43}},"type":"binary-expr","locations":[{"start":{"line":113,"column":10},"end":{"line":113,"column":16}},{"start":{"line":113,"column":10},"end":{"line":113,"column":43}}],"line":113},"57":{"loc":{"start":{"line":115,"column":42},"end":{"line":115,"column":null}},"type":"cond-expr","locations":[{"start":{"line":115,"column":60},"end":{"line":115,"column":null}},{"start":{"line":115,"column":60},"end":{"line":115,"column":null}}],"line":115},"58":{"loc":{"start":{"line":120,"column":12},"end":{"line":120,"column":90}},"type":"binary-expr","locations":[{"start":{"line":120,"column":12},"end":{"line":120,"column":20}},{"start":{"line":120,"column":12},"end":{"line":120,"column":90}}],"line":120},"59":{"loc":{"start":{"line":124,"column":23},"end":{"line":124,"column":null}},"type":"cond-expr","locations":[{"start":{"line":124,"column":41},"end":{"line":124,"column":null}},{"start":{"line":124,"column":41},"end":{"line":124,"column":null}}],"line":124},"60":{"loc":{"start":{"line":137,"column":24},"end":{"line":137,"column":43}},"type":"binary-expr","locations":[{"start":{"line":137,"column":24},"end":{"line":137,"column":41}},{"start":{"line":137,"column":24},"end":{"line":137,"column":43}}],"line":137},"61":{"loc":{"start":{"line":147,"column":12},"end":{"line":147,"column":50}},"type":"binary-expr","locations":[{"start":{"line":147,"column":12},"end":{"line":147,"column":18}},{"start":{"line":147,"column":12},"end":{"line":147,"column":50}}],"line":147},"62":{"loc":{"start":{"line":148,"column":30},"end":{"line":148,"column":44}},"type":"binary-expr","locations":[{"start":{"line":148,"column":30},"end":{"line":148,"column":42}},{"start":{"line":148,"column":30},"end":{"line":148,"column":44}}],"line":148},"63":{"loc":{"start":{"line":151,"column":12},"end":{"line":151,"column":50}},"type":"binary-expr","locations":[{"start":{"line":151,"column":12},"end":{"line":151,"column":18}},{"start":{"line":151,"column":12},"end":{"line":151,"column":50}}],"line":151},"64":{"loc":{"start":{"line":152,"column":30},"end":{"line":152,"column":45}},"type":"binary-expr","locations":[{"start":{"line":152,"column":30},"end":{"line":152,"column":43}},{"start":{"line":152,"column":30},"end":{"line":152,"column":45}}],"line":152},"65":{"loc":{"start":{"line":155,"column":12},"end":{"line":155,"column":50}},"type":"binary-expr","locations":[{"start":{"line":155,"column":12},"end":{"line":155,"column":18}},{"start":{"line":155,"column":12},"end":{"line":155,"column":50}}],"line":155},"66":{"loc":{"start":{"line":156,"column":30},"end":{"line":156,"column":43}},"type":"binary-expr","locations":[{"start":{"line":156,"column":30},"end":{"line":156,"column":41}},{"start":{"line":156,"column":30},"end":{"line":156,"column":43}}],"line":156},"67":{"loc":{"start":{"line":163,"column":24},"end":{"line":163,"column":39}},"type":"binary-expr","locations":[{"start":{"line":163,"column":24},"end":{"line":163,"column":37}},{"start":{"line":163,"column":24},"end":{"line":163,"column":39}}],"line":163},"68":{"loc":{"start":{"line":181,"column":22},"end":{"line":181,"column":null}},"type":"cond-expr","locations":[{"start":{"line":181,"column":50},"end":{"line":181,"column":null}},{"start":{"line":181,"column":50},"end":{"line":181,"column":null}}],"line":181}},"s":{"0":16,"1":16,"2":16,"3":16,"4":16,"5":16,"6":16,"7":16,"8":16,"9":16,"10":16,"11":16,"12":16,"13":16,"14":16,"15":16,"16":16,"17":16,"18":16,"19":16,"20":16,"21":16,"22":0,"23":0,"24":0,"25":16,"26":16,"27":16,"28":16,"29":16,"30":0,"31":0,"32":0,"33":16,"34":16,"35":16,"36":16,"37":0,"38":0,"39":0,"40":16,"41":16,"42":16,"43":0,"44":16,"45":16,"46":0,"47":16,"48":16,"49":16,"50":0,"51":0,"52":0,"53":0,"54":0,"55":0,"56":0,"57":0,"58":0,"59":0,"60":0,"61":16,"62":16,"63":16,"64":16,"65":16,"66":16,"67":16,"68":16,"69":16,"70":16,"71":16,"72":16,"73":16,"74":16,"75":0,"76":16,"77":16,"78":16,"79":16,"80":16,"81":16,"82":16,"83":16,"84":16,"85":16,"86":16,"87":16,"88":16,"89":0,"90":0,"91":0,"92":0,"93":0,"94":0,"95":0,"96":0,"97":0,"98":0,"99":0,"100":0,"101":0,"102":0,"103":0,"104":0,"105":0,"106":0,"107":0,"108":0,"109":0,"110":16,"111":16,"112":0,"113":0,"114":0,"115":0,"116":16,"117":33,"118":33,"119":0,"120":0,"121":16,"122":3,"123":1,"124":2,"125":2,"126":1,"127":16,"128":1,"129":1,"130":1,"131":16,"132":16,"133":0,"134":16,"135":16,"136":16,"137":16,"138":16,"139":16,"140":16,"141":16,"142":16,"143":0,"144":0,"145":0,"146":0,"147":0,"148":0,"149":0,"150":0,"151":0,"152":0,"153":0,"154":0,"155":0,"156":0,"157":0,"158":0,"159":16,"160":16,"161":0,"162":0,"163":0,"164":0,"165":16,"166":16,"167":16,"168":16,"169":0,"170":0,"171":1,"172":1,"173":1,"174":1,"175":1,"176":1,"177":1,"178":1,"179":1,"180":1,"181":1,"182":1,"183":1,"184":1,"185":1,"186":1,"187":1,"188":1,"189":1,"190":1,"191":1,"192":1,"193":1,"194":1,"195":1,"196":1,"197":1,"198":1,"199":1,"200":1,"201":1,"202":1,"203":1,"204":1,"205":1,"206":1,"207":1,"208":1,"209":1,"210":1,"211":1,"212":1,"213":1,"214":48,"215":0,"216":0,"217":0,"218":0,"219":0,"220":0,"221":0,"222":0,"223":0,"224":0,"225":0,"226":0,"227":0,"228":0,"229":0,"230":0,"231":0,"232":0,"233":0,"234":0,"235":0,"236":0,"237":0},"f":{"0":16,"1":16,"2":16,"3":16,"4":16,"5":0,"6":33,"7":3,"8":1,"9":16,"10":0,"11":0,"12":0,"13":16,"14":0,"15":0,"16":0,"17":0,"18":0,"19":0,"20":0,"21":0,"22":0,"23":0,"24":0,"25":0,"26":0,"27":0,"28":0,"29":0,"30":0,"31":0,"32":0,"33":0,"34":0,"35":0,"36":0,"37":0},"b":{"0":[16,0],"1":[0,0],"2":[16,0],"3":[0,0],"4":[16,0],"5":[0,0],"6":[16,0],"7":[0,0],"8":[0,16],"9":[16,0],"10":[16],"11":[0,16],"12":[16,16,0,0],"13":[16,0],"14":[16,0],"15":[16,0],"16":[16,0],"17":[16,0],"18":[16,0],"19":[16,0],"20":[16,0],"21":[16,0],"22":[16,0],"23":[16,16],"24":[1,2],"25":[1,1],"26":[1,0],"27":[0,0],"28":[0,16],"29":[0,0],"30":[0,0],"31":[0,0],"32":[48,16],"33":[48,16],"34":[0,0],"35":[48,16],"36":[48,16],"37":[16,32],"38":[48,16],"39":[48,0],"40":[0,null],"41":[48,16],"42":[48,16],"43":[48,16],"44":[16,32],"45":[48,16],"46":[48,16],"47":[48,16],"48":[48,16],"49":[16,32],"50":[48,16],"51":[48,0],"52":[0,0],"53":[48,16],"54":[48,16],"55":[16,32],"56":[48,16],"57":[0,48],"58":[48,16],"59":[0,48],"60":[48,16],"61":[0,0],"62":[0,0],"63":[0,0],"64":[0,0],"65":[0,0],"66":[0,0],"67":[48,16],"68":[0,0]},"meta":{"lastBranch":0,"lastFunction":0,"lastStatement":0,"seen":{}}}
,"D:\\AFitness\\Fitness\\frontend\\src\\components\\OneRepMaxCalculator.vue": {"path":"D:\\AFitness\\Fitness\\frontend\\src\\components\\OneRepMaxCalculator.vue","statementMap":{"0":{"start":{"line":147,"column":12},"end":{"line":151,"column":null}},"1":{"start":{"line":153,"column":18},"end":{"line":153,"column":null}},"2":{"start":{"line":154,"column":14},"end":{"line":154,"column":null}},"3":{"start":{"line":155,"column":15},"end":{"line":155,"column":null}},"4":{"start":{"line":156,"column":23},"end":{"line":162,"column":null}},"5":{"start":{"line":165,"column":18},"end":{"line":165,"column":null}},"6":{"start":{"line":165,"column":34},"end":{"line":165,"column":71}},"7":{"start":{"line":168,"column":18},"end":{"line":173,"column":null}},"8":{"start":{"line":169,"column":2},"end":{"line":169,"column":null}},"9":{"start":{"line":169,"column":25},"end":{"line":169,"column":null}},"10":{"start":{"line":170,"column":17},"end":{"line":170,"column":null}},"11":{"start":{"line":170,"column":55},"end":{"line":170,"column":68}},"12":{"start":{"line":171,"column":14},"end":{"line":171,"column":null}},"13":{"start":{"line":171,"column":42},"end":{"line":171,"column":51}},"14":{"start":{"line":172,"column":2},"end":{"line":172,"column":null}},"15":{"start":{"line":176,"column":28},"end":{"line":184,"column":null}},"16":{"start":{"line":177,"column":14},"end":{"line":177,"column":null}},"17":{"start":{"line":178,"column":2},"end":{"line":183,"column":null}},"18":{"start":{"line":189,"column":25},"end":{"line":193,"column":null}},"19":{"start":{"line":190,"column":2},"end":{"line":190,"column":null}},"20":{"start":{"line":190,"column":55},"end":{"line":190,"column":null}},"21":{"start":{"line":191,"column":14},"end":{"line":191,"column":null}},"22":{"start":{"line":192,"column":2},"end":{"line":192,"column":null}},"23":{"start":{"line":196,"column":21},"end":{"line":198,"column":null}},"24":{"start":{"line":197,"column":2},"end":{"line":197,"column":null}},"25":{"start":{"line":201,"column":16},"end":{"line":203,"column":null}},"26":{"start":{"line":202,"column":2},"end":{"line":202,"column":null}},"27":{"start":{"line":206,"column":24},"end":{"line":210,"column":null}},"28":{"start":{"line":207,"column":2},"end":{"line":207,"column":null}},"29":{"start":{"line":208,"column":2},"end":{"line":208,"column":null}},"30":{"start":{"line":209,"column":2},"end":{"line":209,"column":null}},"31":{"start":{"line":213,"column":18},"end":{"line":242,"column":null}},"32":{"start":{"line":214,"column":27},"end":{"line":214,"column":null}},"33":{"start":{"line":217,"column":2},"end":{"line":220,"column":null}},"34":{"start":{"line":218,"column":4},"end":{"line":218,"column":null}},"35":{"start":{"line":219,"column":4},"end":{"line":219,"column":null}},"36":{"start":{"line":222,"column":2},"end":{"line":241,"column":null}},"37":{"start":{"line":224,"column":21},"end":{"line":228,"column":null}},"38":{"start":{"line":225,"column":20},"end":{"line":225,"column":null}},"39":{"start":{"line":226,"column":18},"end":{"line":226,"column":null}},"40":{"start":{"line":227,"column":6},"end":{"line":227,"column":null}},"41":{"start":{"line":230,"column":23},"end":{"line":230,"column":null}},"42":{"start":{"line":231,"column":22},"end":{"line":231,"column":null}},"43":{"start":{"line":232,"column":4},"end":{"line":237,"column":null}},"44":{"start":{"line":233,"column":6},"end":{"line":236,"column":null}},"45":{"start":{"line":234,"column":21},"end":{"line":234,"column":null}},"46":{"start":{"line":235,"column":8},"end":{"line":235,"column":null}},"47":{"start":{"line":238,"column":4},"end":{"line":238,"column":null}},"48":{"start":{"line":240,"column":4},"end":{"line":240,"column":null}},"49":{"start":{"line":245,"column":19},"end":{"line":266,"column":null}},"50":{"start":{"line":246,"column":34},"end":{"line":246,"column":null}},"51":{"start":{"line":247,"column":2},"end":{"line":250,"column":null}},"52":{"start":{"line":248,"column":3},"end":{"line":248,"column":null}},"53":{"start":{"line":249,"column":4},"end":{"line":249,"column":null}},"54":{"start":{"line":252,"column":2},"end":{"line":252,"column":null}},"55":{"start":{"line":253,"column":2},"end":{"line":265,"column":null}},"56":{"start":{"line":254,"column":16},"end":{"line":254,"column":null}},"57":{"start":{"line":255,"column":4},"end":{"line":259,"column":null}},"58":{"start":{"line":256,"column":5},"end":{"line":256,"column":null}},"59":{"start":{"line":258,"column":5},"end":{"line":258,"column":null}},"60":{"start":{"line":261,"column":4},"end":{"line":261,"column":null}},"61":{"start":{"line":262,"column":3},"end":{"line":262,"column":null}},"62":{"start":{"line":264,"column":4},"end":{"line":264,"column":null}},"63":{"start":{"line":269,"column":0},"end":{"line":283,"column":null}},"64":{"start":{"line":270,"column":2},"end":{"line":280,"column":null}},"65":{"start":{"line":271,"column":16},"end":{"line":271,"column":null}},"66":{"start":{"line":272,"column":4},"end":{"line":277,"column":null}},"67":{"start":{"line":273,"column":6},"end":{"line":276,"column":null}},"68":{"start":{"line":273,"column":49},"end":{"line":276,"column":7}},"69":{"start":{"line":279,"column":4},"end":{"line":279,"column":null}},"70":{"start":{"line":282,"column":2},"end":{"line":282,"column":null}},"71":{"start":{"line":2,"column":7},"end":{"line":2,"column":null}},"72":{"start":{"line":12,"column":9},"end":{"line":12,"column":null}},"73":{"start":{"line":13,"column":11},"end":{"line":13,"column":null}},"74":{"start":{"line":25,"column":11},"end":{"line":25,"column":null}},"75":{"start":{"line":31,"column":15},"end":{"line":31,"column":null}},"76":{"start":{"line":47,"column":15},"end":{"line":47,"column":null}},"77":{"start":{"line":65,"column":17},"end":{"line":65,"column":null}},"78":{"start":{"line":66,"column":20},"end":{"line":66,"column":44}},"79":{"start":{"line":79,"column":13},"end":{"line":79,"column":null}},"80":{"start":{"line":81,"column":15},"end":{"line":81,"column":null}},"81":{"start":{"line":82,"column":18},"end":{"line":82,"column":43}},"82":{"start":{"line":89,"column":13},"end":{"line":89,"column":null}},"83":{"start":{"line":96,"column":15},"end":{"line":96,"column":null}},"84":{"start":{"line":103,"column":19},"end":{"line":103,"column":43}},"85":{"start":{"line":104,"column":19},"end":{"line":104,"column":42}},"86":{"start":{"line":105,"column":19},"end":{"line":105,"column":40}},"87":{"start":{"line":106,"column":19},"end":{"line":106,"column":null}},"88":{"start":{"line":114,"column":13},"end":{"line":114,"column":null}},"89":{"start":{"line":2,"column":2},"end":{"line":129,"column":null}},"90":{"start":{"line":72,"column":12},"end":{"line":69,"column":42}},"91":{"start":{"line":30,"column":23},"end":{"line":69,"column":42}},"92":{"start":{"line":34,"column":30},"end":{"line":34,"column":42}},"93":{"start":{"line":50,"column":30},"end":{"line":50,"column":40}},"94":{"start":{"line":63,"column":45},"end":{"line":63,"column":null}},"95":{"start":{"line":120,"column":12},"end":{"line":117,"column":40}},"96":{"start":{"line":97,"column":12},"end":{"line":107,"column":117}},"97":{"start":{"line":124,"column":29},"end":{"line":124,"column":41}},"98":{"start":{"line":130,"column":8},"end":{"line":129,"column":null}},"99":{"start":{"line":129,"column":17},"end":{"line":129,"column":null}}},"fnMap":{"0":{"name":"(anonymous_0)","decl":{"start":{"line":165,"column":28},"end":{"line":165,"column":29}},"loc":{"start":{"line":165,"column":34},"end":{"line":165,"column":71}},"line":165},"1":{"name":"(anonymous_1)","decl":{"start":{"line":168,"column":28},"end":{"line":168,"column":29}},"loc":{"start":{"line":168,"column":34},"end":{"line":173,"column":1}},"line":168},"2":{"name":"(anonymous_2)","decl":{"start":{"line":170,"column":50},"end":{"line":170,"column":51}},"loc":{"start":{"line":170,"column":55},"end":{"line":170,"column":68}},"line":170},"3":{"name":"(anonymous_3)","decl":{"start":{"line":171,"column":28},"end":{"line":171,"column":29}},"loc":{"start":{"line":171,"column":42},"end":{"line":171,"column":51}},"line":171},"4":{"name":"(anonymous_4)","decl":{"start":{"line":176,"column":38},"end":{"line":176,"column":39}},"loc":{"start":{"line":176,"column":44},"end":{"line":184,"column":1}},"line":176},"5":{"name":"(anonymous_5)","decl":{"start":{"line":189,"column":25},"end":{"line":189,"column":26}},"loc":{"start":{"line":189,"column":34},"end":{"line":193,"column":null}},"line":189},"6":{"name":"(anonymous_6)","decl":{"start":{"line":196,"column":31},"end":{"line":196,"column":32}},"loc":{"start":{"line":196,"column":37},"end":{"line":198,"column":1}},"line":196},"7":{"name":"(anonymous_7)","decl":{"start":{"line":201,"column":16},"end":{"line":201,"column":17}},"loc":{"start":{"line":201,"column":22},"end":{"line":203,"column":null}},"line":201},"8":{"name":"(anonymous_8)","decl":{"start":{"line":206,"column":24},"end":{"line":206,"column":25}},"loc":{"start":{"line":206,"column":49},"end":{"line":210,"column":null}},"line":206},"9":{"name":"(anonymous_9)","decl":{"start":{"line":213,"column":18},"end":{"line":213,"column":23}},"loc":{"start":{"line":213,"column":30},"end":{"line":242,"column":null}},"line":213},"10":{"name":"(anonymous_10)","decl":{"start":{"line":224,"column":47},"end":{"line":224,"column":52}},"loc":{"start":{"line":224,"column":67},"end":{"line":228,"column":5}},"line":224},"11":{"name":"(anonymous_11)","decl":{"start":{"line":232,"column":23},"end":{"line":232,"column":27}},"loc":{"start":{"line":232,"column":31},"end":{"line":237,"column":5}},"line":232},"12":{"name":"(anonymous_12)","decl":{"start":{"line":245,"column":19},"end":{"line":245,"column":24}},"loc":{"start":{"line":245,"column":31},"end":{"line":266,"column":null}},"line":245},"13":{"name":"(anonymous_13)","decl":{"start":{"line":269,"column":10},"end":{"line":269,"column":15}},"loc":{"start":{"line":269,"column":22},"end":{"line":283,"column":1}},"line":269},"14":{"name":"(anonymous_14)","decl":{"start":{"line":273,"column":43},"end":{"line":273,"column":44}},"loc":{"start":{"line":273,"column":49},"end":{"line":276,"column":7}},"line":273},"15":{"name":"(anonymous_15)","decl":{"start":{"line":24,"column":32},"end":{"line":24,"column":33}},"loc":{"start":{"line":24,"column":32},"end":{"line":24,"column":33}},"line":24},"16":{"name":"(anonymous_16)","decl":{"start":{"line":25,"column":6},"end":{"line":25,"column":11}},"loc":{"start":{"line":72,"column":12},"end":{"line":69,"column":42}},"line":72},"17":{"name":"(anonymous_17)","decl":{"start":{"line":30,"column":10},"end":{"line":30,"column":23}},"loc":{"start":{"line":30,"column":23},"end":{"line":69,"column":42}},"line":30},"18":{"name":"(anonymous_18)","decl":{"start":{"line":34,"column":30},"end":{"line":34,"column":34}},"loc":{"start":{"line":34,"column":30},"end":{"line":34,"column":42}},"line":34},"19":{"name":"(anonymous_19)","decl":{"start":{"line":50,"column":30},"end":{"line":50,"column":34}},"loc":{"start":{"line":50,"column":30},"end":{"line":50,"column":40}},"line":50},"20":{"name":"(anonymous_20)","decl":{"start":{"line":63,"column":43},"end":{"line":63,"column":45}},"loc":{"start":{"line":63,"column":45},"end":{"line":63,"column":null}},"line":63},"21":{"name":"(anonymous_21)","decl":{"start":{"line":77,"column":6},"end":{"line":77,"column":17}},"loc":{"start":{"line":120,"column":12},"end":{"line":117,"column":40}},"line":120},"22":{"name":"(anonymous_22)","decl":{"start":{"line":98,"column":49},"end":{"line":98,"column":null}},"loc":{"start":{"line":98,"column":25},"end":{"line":107,"column":117}},"line":98},"23":{"name":"(anonymous_23)","decl":{"start":{"line":124,"column":29},"end":{"line":124,"column":39}},"loc":{"start":{"line":124,"column":29},"end":{"line":124,"column":41}},"line":124},"24":{"name":"(anonymous_24)","decl":{"start":{"line":125,"column":6},"end":{"line":125,"column":null}},"loc":{"start":{"line":130,"column":8},"end":{"line":129,"column":null}},"line":130},"25":{"name":"(anonymous_25)","decl":{"start":{"line":129,"column":15},"end":{"line":129,"column":17}},"loc":{"start":{"line":129,"column":17},"end":{"line":129,"column":null}},"line":129}},"branchMap":{"0":{"loc":{"start":{"line":169,"column":2},"end":{"line":169,"column":null}},"type":"if","locations":[{"start":{"line":169,"column":2},"end":{"line":169,"column":null}},{"start":{},"end":{}}],"line":169},"1":{"loc":{"start":{"line":190,"column":2},"end":{"line":190,"column":null}},"type":"if","locations":[{"start":{"line":190,"column":2},"end":{"line":190,"column":null}},{"start":{},"end":{}}],"line":190},"2":{"loc":{"start":{"line":190,"column":6},"end":{"line":190,"column":53}},"type":"binary-expr","locations":[{"start":{"line":190,"column":6},"end":{"line":190,"column":23}},{"start":{"line":190,"column":27},"end":{"line":190,"column":39}},{"start":{"line":190,"column":43},"end":{"line":190,"column":53}}],"line":190},"3":{"loc":{"start":{"line":192,"column":9},"end":{"line":192,"column":null}},"type":"binary-expr","locations":[{"start":{"line":192,"column":9},"end":{"line":192,"column":30}},{"start":{"line":192,"column":34},"end":{"line":192,"column":null}}],"line":192},"4":{"loc":{"start":{"line":217,"column":2},"end":{"line":220,"column":null}},"type":"if","locations":[{"start":{"line":217,"column":2},"end":{"line":220,"column":null}},{"start":{},"end":{}}],"line":217},"5":{"loc":{"start":{"line":217,"column":6},"end":{"line":217,"column":58}},"type":"binary-expr","locations":[{"start":{"line":217,"column":6},"end":{"line":217,"column":31}},{"start":{"line":217,"column":35},"end":{"line":217,"column":58}}],"line":217},"6":{"loc":{"start":{"line":227,"column":29},"end":{"line":227,"column":58}},"type":"cond-expr","locations":[{"start":{"line":227,"column":43},"end":{"line":227,"column":51}},{"start":{"line":227,"column":54},"end":{"line":227,"column":58}}],"line":227},"7":{"loc":{"start":{"line":233,"column":6},"end":{"line":236,"column":null}},"type":"if","locations":[{"start":{"line":233,"column":6},"end":{"line":236,"column":null}},{"start":{},"end":{}}],"line":233},"8":{"loc":{"start":{"line":247,"column":2},"end":{"line":250,"column":null}},"type":"if","locations":[{"start":{"line":247,"column":2},"end":{"line":250,"column":null}},{"start":{},"end":{}}],"line":247},"9":{"loc":{"start":{"line":247,"column":6},"end":{"line":247,"column":58}},"type":"binary-expr","locations":[{"start":{"line":247,"column":6},"end":{"line":247,"column":31}},{"start":{"line":247,"column":35},"end":{"line":247,"column":58}}],"line":247},"10":{"loc":{"start":{"line":255,"column":4},"end":{"line":259,"column":null}},"type":"if","locations":[{"start":{"line":255,"column":4},"end":{"line":259,"column":null}},{"start":{"line":257,"column":11},"end":{"line":259,"column":null}}],"line":255},"11":{"loc":{"start":{"line":258,"column":20},"end":{"line":258,"column":41}},"type":"binary-expr","locations":[{"start":{"line":258,"column":20},"end":{"line":258,"column":31}},{"start":{"line":258,"column":35},"end":{"line":258,"column":41}}],"line":258},"12":{"loc":{"start":{"line":272,"column":4},"end":{"line":277,"column":null}},"type":"if","locations":[{"start":{"line":272,"column":4},"end":{"line":277,"column":null}},{"start":{},"end":{}}],"line":272},"13":{"loc":{"start":{"line":272,"column":8},"end":{"line":272,"column":46}},"type":"binary-expr","locations":[{"start":{"line":272,"column":8},"end":{"line":272,"column":19}},{"start":{"line":272,"column":23},"end":{"line":272,"column":46}}],"line":272},"14":{"loc":{"start":{"line":274,"column":14},"end":{"line":274,"column":46}},"type":"cond-expr","locations":[{"start":{"line":274,"column":30},"end":{"line":274,"column":42}},{"start":{"line":274,"column":45},"end":{"line":274,"column":46}}],"line":274},"15":{"loc":{"start":{"line":15,"column":8},"end":{"line":15,"column":52}},"type":"binary-expr","locations":[{"start":{"line":15,"column":8},"end":{"line":15,"column":14}},{"start":{"line":15,"column":8},"end":{"line":15,"column":52}}],"line":15},"16":{"loc":{"start":{"line":17,"column":6},"end":{"line":20,"column":12}},"type":"binary-expr","locations":[{"start":{"line":17,"column":6},"end":{"line":17,"column":11}},{"start":{"line":17,"column":6},"end":{"line":20,"column":12}}],"line":17},"17":{"loc":{"start":{"line":24,"column":39},"end":{"line":24,"column":null}},"type":"binary-expr","locations":[{"start":{"line":24,"column":39},"end":{"line":24,"column":47}},{"start":{"line":24,"column":39},"end":{"line":24,"column":null}}],"line":24},"18":{"loc":{"start":{"line":26,"column":8},"end":{"line":26,"column":49}},"type":"binary-expr","locations":[{"start":{"line":26,"column":8},"end":{"line":26,"column":13}},{"start":{"line":26,"column":8},"end":{"line":26,"column":49}}],"line":26},"19":{"loc":{"start":{"line":27,"column":8},"end":{"line":27,"column":53}},"type":"binary-expr","locations":[{"start":{"line":27,"column":8},"end":{"line":27,"column":13}},{"start":{"line":27,"column":8},"end":{"line":27,"column":53}}],"line":27},"20":{"loc":{"start":{"line":32,"column":12},"end":{"line":32,"column":59}},"type":"binary-expr","locations":[{"start":{"line":32,"column":12},"end":{"line":32,"column":17}},{"start":{"line":32,"column":12},"end":{"line":32,"column":59}}],"line":32},"21":{"loc":{"start":{"line":34,"column":30},"end":{"line":34,"column":42}},"type":"binary-expr","locations":[{"start":{"line":34,"column":30},"end":{"line":34,"column":34}},{"start":{"line":34,"column":30},"end":{"line":34,"column":42}}],"line":34},"22":{"loc":{"start":{"line":43,"column":12},"end":{"line":43,"column":42}},"type":"binary-expr","locations":[{"start":{"line":43,"column":12},"end":{"line":43,"column":17}},{"start":{"line":43,"column":12},"end":{"line":43,"column":42}}],"line":43},"23":{"loc":{"start":{"line":48,"column":12},"end":{"line":48,"column":52}},"type":"binary-expr","locations":[{"start":{"line":48,"column":12},"end":{"line":48,"column":17}},{"start":{"line":48,"column":12},"end":{"line":48,"column":52}}],"line":48},"24":{"loc":{"start":{"line":50,"column":30},"end":{"line":50,"column":40}},"type":"binary-expr","locations":[{"start":{"line":50,"column":30},"end":{"line":50,"column":34}},{"start":{"line":50,"column":30},"end":{"line":50,"column":40}}],"line":50},"25":{"loc":{"start":{"line":59,"column":12},"end":{"line":59,"column":42}},"type":"binary-expr","locations":[{"start":{"line":59,"column":12},"end":{"line":59,"column":17}},{"start":{"line":59,"column":12},"end":{"line":59,"column":42}}],"line":59},"26":{"loc":{"start":{"line":63,"column":43},"end":{"line":63,"column":null}},"type":"binary-expr","locations":[{"start":{"line":63,"column":43},"end":{"line":63,"column":45}},{"start":{"line":63,"column":43},"end":{"line":63,"column":null}}],"line":63},"27":{"loc":{"start":{"line":64,"column":12},"end":{"line":64,"column":57}},"type":"binary-expr","locations":[{"start":{"line":64,"column":12},"end":{"line":64,"column":17}},{"start":{"line":64,"column":12},"end":{"line":64,"column":57}}],"line":64},"28":{"loc":{"start":{"line":69,"column":12},"end":{"line":69,"column":42}},"type":"binary-expr","locations":[{"start":{"line":69,"column":12},"end":{"line":69,"column":17}},{"start":{"line":69,"column":12},"end":{"line":69,"column":42}}],"line":69},"29":{"loc":{"start":{"line":77,"column":17},"end":{"line":117,"column":40}},"type":"cond-expr","locations":[{"start":{"line":77,"column":6},"end":{"line":117,"column":40}}],"line":77},"30":{"loc":{"start":{"line":80,"column":10},"end":{"line":80,"column":62}},"type":"binary-expr","locations":[{"start":{"line":80,"column":10},"end":{"line":80,"column":15}},{"start":{"line":80,"column":10},"end":{"line":80,"column":62}}],"line":80},"31":{"loc":{"start":{"line":83,"column":12},"end":{"line":83,"column":47}},"type":"binary-expr","locations":[{"start":{"line":83,"column":12},"end":{"line":83,"column":18}},{"start":{"line":83,"column":12},"end":{"line":83,"column":47}}],"line":83},"32":{"loc":{"start":{"line":85,"column":10},"end":{"line":85,"column":42}},"type":"binary-expr","locations":[{"start":{"line":85,"column":10},"end":{"line":85,"column":15}},{"start":{"line":85,"column":10},"end":{"line":85,"column":42}}],"line":85},"33":{"loc":{"start":{"line":90,"column":10},"end":{"line":93,"column":38}},"type":"binary-expr","locations":[{"start":{"line":90,"column":10},"end":{"line":90,"column":15}},{"start":{"line":90,"column":10},"end":{"line":93,"column":38}}],"line":90},"34":{"loc":{"start":{"line":124,"column":29},"end":{"line":124,"column":41}},"type":"binary-expr","locations":[{"start":{"line":124,"column":29},"end":{"line":124,"column":39}},{"start":{"line":124,"column":29},"end":{"line":124,"column":41}}],"line":124},"35":{"loc":{"start":{"line":129,"column":15},"end":{"line":129,"column":null}},"type":"binary-expr","locations":[{"start":{"line":129,"column":15},"end":{"line":129,"column":17}},{"start":{"line":129,"column":15},"end":{"line":129,"column":null}}],"line":129}},"s":{"0":17,"1":17,"2":17,"3":17,"4":17,"5":17,"6":39,"7":17,"8":20,"9":1,"10":19,"11":85,"12":19,"13":85,"14":19,"15":17,"16":17,"17":17,"18":17,"19":51,"20":3,"21":48,"22":48,"23":17,"24":1,"25":17,"26":0,"27":17,"28":1,"29":1,"30":1,"31":17,"32":18,"33":18,"34":1,"35":1,"36":17,"37":17,"38":85,"39":85,"40":85,"41":17,"42":17,"43":17,"44":85,"45":85,"46":85,"47":17,"48":0,"49":17,"50":4,"51":4,"52":1,"53":1,"54":3,"55":3,"56":3,"57":2,"58":1,"59":1,"60":1,"61":1,"62":3,"63":17,"64":17,"65":17,"66":17,"67":17,"68":85,"69":0,"70":17,"71":1,"72":1,"73":1,"74":1,"75":1,"76":1,"77":1,"78":1,"79":1,"80":1,"81":1,"82":1,"83":1,"84":1,"85":1,"86":1,"87":1,"88":1,"89":17,"90":0,"91":0,"92":0,"93":0,"94":0,"95":34,"96":68,"97":0,"98":0,"99":0},"f":{"0":39,"1":20,"2":85,"3":85,"4":17,"5":51,"6":1,"7":0,"8":1,"9":18,"10":85,"11":85,"12":4,"13":17,"14":85,"15":0,"16":0,"17":0,"18":0,"19":0,"20":0,"21":34,"22":68,"23":0,"24":0,"25":0},"b":{"0":[1,19],"1":[3,48],"2":[51,50,49],"3":[48,47],"4":[1,17],"5":[18,17],"6":[85,0],"7":[85,0],"8":[1,3],"9":[4,3],"10":[1,1],"11":[1,0],"12":[17,0],"13":[17,17],"14":[17,68],"15":[17,17],"16":[17,17],"17":[17,17],"18":[0,0],"19":[0,0],"20":[0,0],"21":[0,0],"22":[0,0],"23":[0,0],"24":[0,0],"25":[0,0],"26":[0,0],"27":[0,0],"28":[0,0],"29":[17,null],"30":[17,16],"31":[17,16],"32":[17,16],"33":[17,16],"34":[17,17],"35":[0,0]},"meta":{"lastBranch":0,"lastFunction":0,"lastStatement":0,"seen":{}}}
[...]
:{"start":{"line":148,"column":9},"end":{"line":148,"column":16}},"loc":{"start":{"line":148,"column":54},"end":{"line":282,"column":null}},"line":148},"9":{"name":"(anonymous_9)","decl":{"start":{"line":149,"column":23},"end":{"line":149,"column":24}},"loc":{"start":{"line":149,"column":44},"end":{"line":281,"column":5}},"line":149},"10":{"name":"(anonymous_10)","decl":{"start":{"line":268,"column":38},"end":{"line":268,"column":39}},"loc":{"start":{"line":268,"column":45},"end":{"line":277,"column":7}},"line":268}},"branchMap":{"0":{"loc":{"start":{"line":23,"column":28},"end":{"line":23,"column":41}},"type":"default-arg","locations":[{"start":{"line":23,"column":35},"end":{"line":23,"column":41}}],"line":23},"1":{"loc":{"start":{"line":116,"column":4},"end":{"line":119,"column":null}},"type":"if","locations":[{"start":{"line":116,"column":4},"end":{"line":119,"column":null}},{"start":{},"end":{}}],"line":116},"2":{"loc":{"start":{"line":128,"column":8},"end":{"line":130,"column":null}},"type":"if","locations":[{"start":{"line":128,"column":8},"end":{"line":130,"column":null}},{"start":{},"end":{}}],"line":128},"3":{"loc":{"start":{"line":142,"column":11},"end":{"line":142,"column":null}},"type":"binary-expr","locations":[{"start":{"line":142,"column":11},"end":{"line":142,"column":22}},{"start":{"line":142,"column":26},"end":{"line":142,"column":null}}],"line":142},"4":{"loc":{"start":{"line":148,"column":26},"end":{"line":148,"column":38}},"type":"default-arg","locations":[{"start":{"line":148,"column":34},"end":{"line":148,"column":38}}],"line":148},"5":{"loc":{"start":{"line":148,"column":40},"end":{"line":148,"column":52}},"type":"default-arg","locations":[{"start":{"line":148,"column":50},"end":{"line":148,"column":52}}],"line":148},"6":{"loc":{"start":{"line":262,"column":6},"end":{"line":265,"column":null}},"type":"if","locations":[{"start":{"line":262,"column":6},"end":{"line":265,"column":null}},{"start":{},"end":{}}],"line":262},"7":{"loc":{"start":{"line":270,"column":8},"end":{"line":276,"column":null}},"type":"if","locations":[{"start":{"line":270,"column":8},"end":{"line":276,"column":null}},{"start":{"line":273,"column":15},"end":{"line":276,"column":null}}],"line":270},"8":{"loc":{"start":{"line":273,"column":15},"end":{"line":276,"column":null}},"type":"if","locations":[{"start":{"line":273,"column":15},"end":{"line":276,"column":null}},{"start":{},"end":{}}],"line":273}},"s":{"0":1,"1":1,"2":1,"3":1,"4":1,"5":1,"6":1,"7":1,"8":7,"9":7,"10":7,"11":7,"12":7,"13":7,"14":1,"15":1,"16":7,"17":7,"18":1,"19":1,"20":1,"21":1,"22":12,"23":12,"24":5,"25":5,"26":5,"27":5,"28":5,"29":5,"30":5,"31":1,"32":1,"33":5,"34":3,"35":3,"36":2,"37":2,"38":1,"39":1,"40":1,"41":5,"42":1,"43":1,"44":1},"f":{"0":1,"1":1,"2":1,"3":1,"4":1,"5":1,"6":1,"7":1,"8":1,"9":5,"10":3},"b":{"0":[7],"1":[1,6],"2":[1,0],"3":[12,1],"4":[5],"5":[5],"6":[1,4],"7":[2,1],"8":[1,0]},"meta":{"lastBranch":9,"lastFunction":11,"lastStatement":45,"seen":{"f:3:9:3:16":0,"s:4:4:4:Infinity":0,"s:5:4:5:Infinity":1,"f:8:9:8:14":1,"s:9:4:9:Infinity":2,"s:10:4:10:Infinity":3,"f:13:9:13:16":2,"s:14:4:14:Infinity":4,"s:15:4:15:Infinity":5,"f:18:9:18:13":3,"s:19:4:19:Infinity":6,"s:20:4:20:Infinity":7,"f:23:9:23:18":4,"b:23:35:23:41":0,"s:25:18:25:Infinity":8,"s:26:4:26:Infinity":9,"s:27:4:32:Infinity":10,"s:35:18:35:Infinity":11,"s:36:4:113:Infinity":12,"b:116:4:119:Infinity:undefined:undefined:undefined:undefined":1,"s:116:4:119:Infinity":13,"s:117:6:117:Infinity":14,"s:118:6:118:Infinity":15,"s:122:4:122:Infinity":16,"s:125:4:132:Infinity":17,"f:125:15:125:16":5,"s:126:6:126:Infinity":18,"s:127:6:131:Infinity":19,"f:127:17:127:18":6,"b:128:8:130:Infinity:undefined:undefined:undefined:undefined":2,"s:128:8:130:Infinity":20,"s:129:10:129:Infinity":21,"f:135:9:135:16":7,"s:136:18:141:Infinity":22,"s:142:4:142:Infinity":23,"b:142:11:142:22:142:26:142:Infinity":3,"f:148:9:148:16":8,"b:148:34:148:38":4,"b:148:50:148:52":5,"s:149:4:281:Infinity":24,"f:149:23:149:24":9,"s:151:20:151:Infinity":25,"s:152:6:152:Infinity":26,"s:153:6:166:Infinity":27,"s:169:20:169:Infinity":28,"s:170:6:259:Infinity":29,"b:262:6:265:Infinity:undefined:undefined:undefined:undefined":6,"s:262:6:265:Infinity":30,"s:263:8:263:Infinity":31,"s:264:8:264:Infinity":32,"s:268:6:277:Infinity":33,"f:268:38:268:39":10,"s:269:23:269:Infinity":34,"b:270:8:276:Infinity:273:15:276:Infinity":7,"s:270:8:276:Infinity":35,"s:271:10:271:Infinity":36,"s:272:10:272:Infinity":37,"b:273:15:276:Infinity:undefined:undefined:undefined:undefined":8,"s:273:15:276:Infinity":38,"s:274:10:274:Infinity":39,"s:275:10:275:Infinity":40,"s:280:6:280:Infinity":41,"s:288:25:288:Infinity":42,"s:289:28:289:Infinity":43,"s:290:30:290:Infinity":44}}}
,"D:\\AFitness\\Fitness\\frontend\\src\\utils\\performance.js": {"path":"D:\\AFitness\\Fitness\\frontend\\src\\utils\\performance.js","statementMap":{"0":{"start":{"line":39,"column":17},"end":{"line":39,"column":null}},"1":{"start":{"line":13,"column":4},"end":{"line":16,"column":null}},"2":{"start":{"line":14,"column":6},"end":{"line":14,"column":null}},"3":{"start":{"line":15,"column":6},"end":{"line":15,"column":null}},"4":{"start":{"line":15,"column":35},"end":{"line":15,"column":57}},"5":{"start":{"line":26,"column":19},"end":{"line":26,"column":null}},"6":{"start":{"line":27,"column":4},"end":{"line":33,"column":null}},"7":{"start":{"line":28,"column":18},"end":{"line":28,"column":null}},"8":{"start":{"line":29,"column":6},"end":{"line":32,"column":null}},"9":{"start":{"line":30,"column":8},"end":{"line":30,"column":null}},"10":{"start":{"line":31,"column":8},"end":{"line":31,"column":null}},"11":{"start":{"line":48,"column":4},"end":{"line":51,"column":null}},"12":{"start":{"line":60,"column":17},"end":{"line":60,"column":null}},"13":{"start":{"line":61,"column":4},"end":{"line":61,"column":null}},"14":{"start":{"line":61,"column":15},"end":{"line":61,"column":null}},"15":{"start":{"line":63,"column":4},"end":{"line":66,"column":null}},"16":{"start":{"line":64,"column":6},"end":{"line":64,"column":null}},"17":{"start":{"line":65,"column":6},"end":{"line":65,"column":null}},"18":{"start":{"line":68,"column":4},"end":{"line":68,"column":null}},"19":{"start":{"line":75,"column":16},"end":{"line":75,"column":null}},"20":{"start":{"line":76,"column":4},"end":{"line":80,"column":null}},"21":{"start":{"line":77,"column":6},"end":{"line":79,"column":null}},"22":{"start":{"line":78,"column":8},"end":{"line":78,"column":null}},"23":{"start":{"line":88,"column":19},"end":{"line":88,"column":null}},"24":{"start":{"line":90,"column":26},"end":{"line":99,"column":null}},"25":{"start":{"line":91,"column":6},"end":{"line":98,"column":null}},"26":{"start":{"line":92,"column":8},"end":{"line":97,"column":null}},"27":{"start":{"line":93,"column":22},"end":{"line":93,"column":null}},"28":{"start":{"line":94,"column":10},"end":{"line":94,"column":null}},"29":{"start":{"line":95,"column":10},"end":{"line":95,"column":null}},"30":{"start":{"line":96,"column":10},"end":{"line":96,"column":null}},"31":{"start":{"line":101,"column":4},"end":{"line":101,"column":null}},"32":{"start":{"line":101,"column":26},"end":{"line":101,"column":52}},"33":{"start":{"line":113,"column":23},"end":{"line":113,"column":null}},"34":{"start":{"line":114,"column":21},"end":{"line":117,"column":null}},"35":{"start":{"line":119,"column":4},"end":{"line":124,"column":null}},"36":{"start":{"line":132,"column":4},"end":{"line":134,"column":null}},"37":{"start":{"line":133,"column":6},"end":{"line":133,"column":null}},"38":{"start":{"line":142,"column":4},"end":{"line":162,"column":null}},"39":{"start":{"line":143,"column":6},"end":{"line":161,"column":null}},"40":{"start":{"line":144,"column":21},"end":{"line":144,"column":null}},"41":{"start":{"line":145,"column":8},"end":{"line":145,"column":null}},"42":{"start":{"line":146,"column":8},"end":{"line":146,"column":null}},"43":{"start":{"line":147,"column":8},"end":{"line":147,"column":null}},"44":{"start":{"line":148,"column":8},"end":{"line":148,"column":null}},"45":{"start":{"line":149,"column":13},"end":{"line":161,"column":null}},"46":{"start":{"line":150,"column":21},"end":{"line":150,"column":null}},"47":{"start":{"line":151,"column":8},"end":{"line":151,"column":null}},"48":{"start":{"line":152,"column":8},"end":{"line":152,"column":null}},"49":{"start":{"line":153,"column":8},"end":{"line":153,"column":null}},"50":{"start":{"line":154,"column":8},"end":{"line":154,"column":null}},"51":{"start":{"line":155,"column":13},"end":{"line":161,"column":null}},"52":{"start":{"line":156,"column":21},"end":{"line":156,"column":null}},"53":{"start":{"line":157,"column":8},"end":{"line":157,"column":null}},"54":{"start":{"line":158,"column":8},"end":{"line":158,"column":null}},"55":{"start":{"line":159,"column":8},"end":{"line":159,"column":null}},"56":{"start":{"line":160,"column":8},"end":{"line":160,"column":null}},"57":{"start":{"line":170,"column":4},"end":{"line":173,"column":null}},"58":{"start":{"line":171,"column":25},"end":{"line":171,"column":null}},"59":{"start":{"line":172,"column":6},"end":{"line":172,"column":null}},"60":{"start":{"line":176,"column":4},"end":{"line":184,"column":null}},"61":{"start":{"line":177,"column":6},"end":{"line":183,"column":15}},"62":{"start":{"line":178,"column":8},"end":{"line":182,"column":null}},"63":{"start":{"line":194,"column":18},"end":{"line":194,"column":null}},"64":{"start":{"line":195,"column":4},"end":{"line":197,"column":null}},"65":{"start":{"line":195,"column":17},"end":{"line":195,"column":18}},"66":{"start":{"line":196,"column":6},"end":{"line":196,"column":null}},"67":{"start":{"line":198,"column":4},"end":{"line":203,"column":null}},"68":{"start":{"line":208,"column":0},"end":{"line":210,"column":9}},"69":{"start":{"line":209,"column":2},"end":{"line":209,"column":null}}},"fnMap":{"0":{"name":"(anonymous_0)","decl":{"start":{"line":11,"column":9},"end":{"line":11,"column":17}},"loc":{"start":{"line":11,"column":31},"end":{"line":17,"column":null}},"line":11},"1":{"name":"(anonymous_1)","decl":{"start":{"line":13,"column":11},"end":{"line":13,"column":19}},"loc":{"start":{"line":13,"column":30},"end":{"line":16,"column":null}},"line":13},"2":{"name":"(anonymous_2)","decl":{"start":{"line":15,"column":29},"end":{"line":15,"column":30}},"loc":{"start":{"line":15,"column":35},"end":{"line":15,"column":57}},"line":15},"3":{"name":"(anonymous_3)","decl":{"start":{"line":25,"column":9},"end":{"line":25,"column":17}},"loc":{"start":{"line":25,"column":31},"end":{"line":34,"column":null}},"line":25},"4":{"name":"(anonymous_4)","decl":{"start":{"line":27,"column":11},"end":{"line":27,"column":19}},"loc":{"start":{"line":27,"column":30},"end":{"line":33,"column":null}},"line":27},"5":{"name":"(anonymous_5)","decl":{"start":{"line":47,"column":9},"end":{"line":47,"column":17}},"loc":{"start":{"line":47,"column":44},"end":{"line":52,"column":null}},"line":47},"6":{"name":"(anonymous_6)","decl":{"start":{"line":59,"column":9},"end":{"line":59,"column":17}},"loc":{"start":{"line":59,"column":23},"end":{"line":69,"column":null}},"line":59},"7":{"name":"(anonymous_7)","decl":{"start":{"line":74,"column":9},"end":{"line":74,"column":26}},"loc":{"start":{"line":74,"column":29},"end":{"line":81,"column":null}},"line":74},"8":{"name":"(anonymous_8)","decl":{"start":{"line":87,"column":9},"end":{"line":87,"column":23}},"loc":{"start":{"line":87,"column":52},"end":{"line":102,"column":null}},"line":87},"9":{"name":"(anonymous_9)","decl":{"start":{"line":90,"column":51},"end":{"line":90,"column":52}},"loc":{"start":{"line":90,"column":74},"end":{"line":99,"column":5}},"line":90},"10":{"name":"(anonymous_10)","decl":{"start":{"line":91,"column":22},"end":{"line":91,"column":27}},"loc":{"start":{"line":91,"column":31},"end":{"line":98,"column":7}},"line":91},"11":{"name":"(anonymous_11)","decl":{"start":{"line":101,"column":19},"end":{"line":101,"column":22}},"loc":{"start":{"line":101,"column":26},"end":{"line":101,"column":52}},"line":101},"12":{"name":"(anonymous_12)","decl":{"start":{"line":112,"column":9},"end":{"line":112,"column":30}},"loc":{"start":{"line":112,"column":78},"end":{"line":125,"column":null}},"line":112},"13":{"name":"(anonymous_13)","decl":{"start":{"line":131,"column":9},"end":{"line":131,"column":23}},"loc":{"start":{"line":131,"column":34},"end":{"line":135,"column":null}},"line":131},"14":{"name":"(anonymous_14)","decl":{"start":{"line":132,"column":26},"end":{"line":132,"column":27}},"loc":{"start":{"line":132,"column":32},"end":{"line":134,"column":5}},"line":132},"15":{"name":"(anonymous_15)","decl":{"start":{"line":141,"column":9},"end":{"line":141,"column":25}},"loc":{"start":{"line":141,"column":37},"end":{"line":163,"column":null}},"line":141},"16":{"name":"(anonymous_16)","decl":{"start":{"line":142,"column":22},"end":{"line":142,"column":30}},"loc":{"start":{"line":142,"column":34},"end":{"line":162,"column":5}},"line":142},"17":{"name":"(anonymous_17)","decl":{"start":{"line":168,"column":9},"end":{"line":168,"column":27}},"loc":{"start":{"line":168,"column":30},"end":{"line":185,"column":null}},"line":168},"18":{"name":"(anonymous_18)","decl":{"start":{"line":170,"column":36},"end":{"line":170,"column":37}},"loc":{"start":{"line":170,"column":42},"end":{"line":173,"column":5}},"line":170},"19":{"name":"(anonymous_19)","decl":{"start":{"line":177,"column":18},"end":{"line":177,"column":19}},"loc":{"start":{"line":177,"column":24},"end":{"line":183,"column":7}},"line":177},"20":{"name":"(anonymous_20)","decl":{"start":{"line":193,"column":9},"end":{"line":193,"column":21}},"loc":{"start":{"line":193,"column":43},"end":{"line":204,"column":null}},"line":193},"21":{"name":"(anonymous_21)","decl":{"start":{"line":208,"column":12},"end":{"line":208,"column":13}},"loc":{"start":{"line":208,"column":18},"end":{"line":210,"column":1}},"line":208}},"branchMap":{"0":{"loc":{"start":{"line":29,"column":6},"end":{"line":32,"column":null}},"type":"if","locations":[{"start":{"line":29,"column":6},"end":{"line":32,"column":null}},{"start":{},"end":{}}],"line":29},"1":{"loc":{"start":{"line":47,"column":30},"end":{"line":47,"column":42}},"type":"default-arg","locations":[{"start":{"line":47,"column":36},"end":{"line":47,"column":42}}],"line":47},"2":{"loc":{"start":{"line":61,"column":4},"end":{"line":61,"column":null}},"type":"if","locations":[{"start":{"line":61,"column":4},"end":{"line":61,"column":null}},{"start":{},"end":{}}],"line":61},"3":{"loc":{"start":{"line":63,"column":4},"end":{"line":66,"column":null}},"type":"if","locations":[{"start":{"line":63,"column":4},"end":{"line":66,"column":null}},{"start":{},"end":{}}],"line":63},"4":{"loc":{"start":{"line":77,"column":6},"end":{"line":79,"column":null}},"type":"if","locations":[{"start":{"line":77,"column":6},"end":{"line":79,"column":null}},{"start":{},"end":{}}],"line":77},"5":{"loc":{"start":{"line":87,"column":24},"end":{"line":87,"column":50}},"type":"default-arg","locations":[{"start":{"line":87,"column":35},"end":{"line":87,"column":50}}],"line":87},"6":{"loc":{"start":{"line":92,"column":8},"end":{"line":97,"column":null}},"type":"if","locations":[{"start":{"line":92,"column":8},"end":{"line":97,"column":null}},{"start":{},"end":{}}],"line":92},"7":{"loc":{"start":{"line":143,"column":6},"end":{"line":161,"column":null}},"type":"if","locations":[{"start":{"line":143,"column":6},"end":{"line":161,"column":null}},{"start":{"line":149,"column":13},"end":{"line":161,"column":null}}],"line":143},"8":{"loc":{"start":{"line":149,"column":13},"end":{"line":161,"column":null}},"type":"if","locations":[{"start":{"line":149,"column":13},"end":{"line":161,"column":null}},{"start":{"line":155,"column":13},"end":{"line":161,"column":null}}],"line":149},"9":{"loc":{"start":{"line":155,"column":13},"end":{"line":161,"column":null}},"type":"if","locations":[{"start":{"line":155,"column":13},"end":{"line":161,"column":null}},{"start":{},"end":{}}],"line":155},"10":{"loc":{"start":{"line":176,"column":4},"end":{"line":184,"column":null}},"type":"if","locations":[{"start":{"line":176,"column":4},"end":{"line":184,"column":null}},{"start":{},"end":{}}],"line":176},"11":{"loc":{"start":{"line":193,"column":28},"end":{"line":193,"column":41}},"type":"default-arg","locations":[{"start":{"line":193,"column":39},"end":{"line":193,"column":41}}],"line":193}},"s":{"0":1,"1":3,"2":4,"3":4,"4":3,"5":3,"6":3,"7":6,"8":6,"9":4,"10":4,"11":5,"12":7,"13":7,"14":2,"15":5,"16":2,"17":2,"18":3,"19":1,"20":1,"21":2,"22":1,"23":0,"24":0,"25":0,"26":0,"27":0,"28":0,"29":0,"30":0,"31":0,"32":0,"33":3,"34":3,"35":3,"36":0,"37":0,"38":0,"39":0,"40":0,"41":0,"42":0,"43":0,"44":0,"45":0,"46":0,"47":0,"48":0,"49":0,"50":0,"51":0,"52":0,"53":0,"54":0,"55":0,"56":0,"57":0,"58":0,"59":0,"60":0,"61":0,"62":0,"63":3,"64":3,"65":3,"66":6,"67":3,"68":1,"69":0},"f":{"0":1,"1":4,"2":3,"3":1,"4":6,"5":1,"6":1,"7":1,"8":1,"9":0,"10":0,"11":0,"12":1,"13":1,"14":0,"15":1,"16":0,"17":1,"18":0,"19":0,"20":1,"21":0},"b":{"0":[4,2],"1":[5],"2":[2,5],"3":[2,3],"4":[1,1],"5":[0],"6":[0,0],"7":[0,0],"8":[0,0],"9":[0,0],"10":[0,0],"11":[3]},"meta":{"lastBranch":12,"lastFunction":22,"lastStatement":70,"seen":{"s:39:17:39:Infinity":0,"f:11:9:11:17":0,"s:13:4:16:Infinity":1,"f:13:11:13:19":1,"s:14:6:14:Infinity":2,"s:15:6:15:Infinity":3,"f:15:29:15:30":2,"s:15:35:15:57":4,"f:25:9:25:17":3,"s:26:19:26:Infinity":5,"s:27:4:33:Infinity":6,"f:27:11:27:19":4,"s:28:18:28:Infinity":7,"b:29:6:32:Infinity:undefined:undefined:undefined:undefined":0,"s:29:6:32:Infinity":8,"s:30:8:30:Infinity":9,"s:31:8:31:Infinity":10,"f:47:9:47:17":5,"b:47:36:47:42":1,"s:48:4:51:Infinity":11,"f:59:9:59:17":6,"s:60:17:60:Infinity":12,"b:61:4:61:Infinity:undefined:undefined:undefined:undefined":2,"s:61:4:61:Infinity":13,"s:61:15:61:Infinity":14,"b:63:4:66:Infinity:undefined:undefined:undefined:undefined":3,"s:63:4:66:Infinity":15,"s:64:6:64:Infinity":16,"s:65:6:65:Infinity":17,"s:68:4:68:Infinity":18,"f:74:9:74:26":7,"s:75:16:75:Infinity":19,"s:76:4:80:Infinity":20,"b:77:6:79:Infinity:undefined:undefined:undefined:undefined":4,"s:77:6:79:Infinity":21,"s:78:8:78:Infinity":22,"f:87:9:87:23":8,"b:87:35:87:50":5,"s:88:19:88:Infinity":23,"s:90:26:99:Infinity":24,"f:90:51:90:52":9,"s:91:6:98:Infinity":25,"f:91:22:91:27":10,"b:92:8:97:Infinity:undefined:undefined:undefined:undefined":6,"s:92:8:97:Infinity":26,"s:93:22:93:Infinity":27,"s:94:10:94:Infinity":28,"s:95:10:95:Infinity":29,"s:96:10:96:Infinity":30,"s:101:4:101:Infinity":31,"f:101:19:101:22":11,"s:101:26:101:52":32,"f:112:9:112:30":12,"s:113:23:113:Infinity":33,"s:114:21:117:Infinity":34,"s:119:4:124:Infinity":35,"f:131:9:131:23":13,"s:132:4:134:Infinity":36,"f:132:26:132:27":14,"s:133:6:133:Infinity":37,"f:141:9:141:25":15,"s:142:4:162:Infinity":38,"f:142:22:142:30":16,"b:143:6:161:Infinity:149:13:161:Infinity":7,"s:143:6:161:Infinity":39,"s:144:21:144:Infinity":40,"s:145:8:145:Infinity":41,"s:146:8:146:Infinity":42,"s:147:8:147:Infinity":43,"s:148:8:148:Infinity":44,"b:149:13:161:Infinity:155:13:161:Infinity":8,"s:149:13:161:Infinity":45,"s:150:21:150:Infinity":46,"s:151:8:151:Infinity":47,"s:152:8:152:Infinity":48,"s:153:8:153:Infinity":49,"s:154:8:154:Infinity":50,"b:155:13:161:Infinity:undefined:undefined:undefined:undefined":9,"s:155:13:161:Infinity":51,"s:156:21:156:Infinity":52,"s:157:8:157:Infinity":53,"s:158:8:158:Infinity":54,"s:159:8:159:Infinity":55,"s:160:8:160:Infinity":56,"f:168:9:168:27":17,"s:170:4:173:Infinity":57,"f:170:36:170:37":18,"s:171:25:171:Infinity":58,"s:172:6:172:Infinity":59,"b:176:4:184:Infinity:undefined:undefined:undefined:undefined":10,"s:176:4:184:Infinity":60,"s:177:6:183:15":61,"f:177:18:177:19":19,"s:178:8:182:Infinity":62,"f:193:9:193:21":20,"b:193:39:193:41":11,"s:194:18:194:Infinity":63,"s:195:4:197:Infinity":64,"s:195:17:195:18":65,"s:196:6:196:Infinity":66,"s:198:4:203:Infinity":67,"s:208:0:210:9":68,"f:208:12:208:13":21,"s:209:2:209:Infinity":69}}}
}
